;  LST file generated by mikroListExporter - v.2.0 
; Date/Time: 2022-12-30 1:38:53 AM
;----------------------------------------------

;Address Opcode 	ASM
0x0000	0x2A90      	GOTO       656
_interrupt:
0x0004	0x00FF      	MOVWF      R15
0x0005	0x0E03      	SWAPF      STATUS, 0
0x0006	0x0183      	CLRF       STATUS
0x0007	0x00BA      	MOVWF      ___saveSTATUS
0x0008	0x080A      	MOVF       PCLATH, 0
0x0009	0x00B9      	MOVWF      ___savePCLATH
0x000A	0x018A      	CLRF       PCLATH
0x000B	0x0870      	MOVF       R0, 0
0x000C	0x00A3      	MOVWF      35
0x000D	0x0871      	MOVF       R1, 0
0x000E	0x00A2      	MOVWF      34
0x000F	0x0872      	MOVF       R2, 0
0x0010	0x00A1      	MOVWF      33
0x0011	0x0804      	MOVF       FSR, 0
0x0012	0x00A4      	MOVWF      36
;USART_Rx.c,38 :: 		void interrupt()
;USART_Rx.c,41 :: 		ch[i] =  RCREG;
0x0013	0x0836      	MOVF       _i, 0
0x0014	0x3E25      	ADDLW      _ch
0x0015	0x0084      	MOVWF      FSR
0x0016	0x081A      	MOVF       RCREG, 0
0x0017	0x0080      	MOVWF      INDF
;USART_Rx.c,42 :: 		i++;
0x0018	0x0AB6      	INCF       _i, 1
;USART_Rx.c,43 :: 		PIR1 = PIR1 & 0b11011111;   // Clear receiver flag
0x0019	0x30DF      	MOVLW      223
0x001A	0x058C      	ANDWF      PIR1, 1
;USART_Rx.c,44 :: 		LcdDataBusDirnReg = 0x00; // TRISD for LCD
0x001B	0x1683      	BSF        STATUS, 5
0x001C	0x0188      	CLRF       TRISD
;USART_Rx.c,45 :: 		Lcd_CmdWriteInt(0x02);        // Initialize Lcd in 4-bit mode
0x001D	0x3002      	MOVLW      2
0x001E	0x1283      	BCF        STATUS, 5
0x001F	0x00BD      	MOVWF      FARG_Lcd_CmdWriteInt_cmd
0x0020	0x2244      	CALL       _Lcd_CmdWriteInt
;USART_Rx.c,46 :: 		Lcd_CmdWriteInt(0x28);        // enable 5x7 mode for chars
0x0021	0x3028      	MOVLW      40
0x0022	0x00BD      	MOVWF      FARG_Lcd_CmdWriteInt_cmd
0x0023	0x2244      	CALL       _Lcd_CmdWriteInt
;USART_Rx.c,47 :: 		Lcd_CmdWriteInt(0x0E);        // Display OFF, Cursor ON
0x0024	0x300E      	MOVLW      14
0x0025	0x00BD      	MOVWF      FARG_Lcd_CmdWriteInt_cmd
0x0026	0x2244      	CALL       _Lcd_CmdWriteInt
;USART_Rx.c,48 :: 		Lcd_CmdWriteInt(0x01);        // Clear Display
0x0027	0x3001      	MOVLW      1
0x0028	0x00BD      	MOVWF      FARG_Lcd_CmdWriteInt_cmd
0x0029	0x2244      	CALL       _Lcd_CmdWriteInt
;USART_Rx.c,49 :: 		Lcd_CmdWriteInt(0x80);        // Move the cursor to beginning of first line
0x002A	0x3080      	MOVLW      128
0x002B	0x00BD      	MOVWF      FARG_Lcd_CmdWriteInt_cmd
0x002C	0x2244      	CALL       _Lcd_CmdWriteInt
;USART_Rx.c,51 :: 		if(i == 16)
0x002D	0x0836      	MOVF       _i, 0
0x002E	0x3A10      	XORLW      16
0x002F	0x1D03      	BTFSS      STATUS, 2
0x0030	0x2847      	GOTO       L_interrupt16
;USART_Rx.c,53 :: 		LcdDataBusDirnReg = 0x00; // TRISD for LCD
0x0031	0x1683      	BSF        STATUS, 5
0x0032	0x0188      	CLRF       TRISD
;USART_Rx.c,54 :: 		Lcd_CmdWriteInt(0x02);        // Initialize Lcd in 4-bit mode
0x0033	0x3002      	MOVLW      2
0x0034	0x1283      	BCF        STATUS, 5
0x0035	0x00BD      	MOVWF      FARG_Lcd_CmdWriteInt_cmd
0x0036	0x2244      	CALL       _Lcd_CmdWriteInt
;USART_Rx.c,55 :: 		Lcd_CmdWriteInt(0x28);        // enable 5x7 mode for chars
0x0037	0x3028      	MOVLW      40
0x0038	0x00BD      	MOVWF      FARG_Lcd_CmdWriteInt_cmd
0x0039	0x2244      	CALL       _Lcd_CmdWriteInt
;USART_Rx.c,56 :: 		Lcd_CmdWriteInt(0x0E);        // Display OFF, Cursor ON
0x003A	0x300E      	MOVLW      14
0x003B	0x00BD      	MOVWF      FARG_Lcd_CmdWriteInt_cmd
0x003C	0x2244      	CALL       _Lcd_CmdWriteInt
;USART_Rx.c,57 :: 		Lcd_CmdWriteInt(0x01);        // Clear Display
0x003D	0x3001      	MOVLW      1
0x003E	0x00BD      	MOVWF      FARG_Lcd_CmdWriteInt_cmd
0x003F	0x2244      	CALL       _Lcd_CmdWriteInt
;USART_Rx.c,58 :: 		Lcd_CmdWriteInt(0x80);        // Move the cursor to beginning of first line
0x0040	0x3080      	MOVLW      128
0x0041	0x00BD      	MOVWF      FARG_Lcd_CmdWriteInt_cmd
0x0042	0x2244      	CALL       _Lcd_CmdWriteInt
;USART_Rx.c,59 :: 		Lcd_PrintInt(ch);
0x0043	0x3025      	MOVLW      _ch
0x0044	0x00BD      	MOVWF      FARG_Lcd_PrintInt_msg
0x0045	0x2271      	CALL       _Lcd_PrintInt
;USART_Rx.c,60 :: 		i = 0;
0x0046	0x01B6      	CLRF       _i
;USART_Rx.c,61 :: 		}
L_interrupt16:
;USART_Rx.c,63 :: 		}
L_end_interrupt:
L__interrupt35:
0x0047	0x0823      	MOVF       35, 0
0x0048	0x00F0      	MOVWF      R0
0x0049	0x0822      	MOVF       34, 0
0x004A	0x00F1      	MOVWF      R1
0x004B	0x0821      	MOVF       33, 0
0x004C	0x00F2      	MOVWF      R2
0x004D	0x0824      	MOVF       36, 0
0x004E	0x0084      	MOVWF      FSR
0x004F	0x0839      	MOVF       ___savePCLATH, 0
0x0050	0x008A      	MOVWF      PCLATH
0x0051	0x0E3A      	SWAPF      ___saveSTATUS, 0
0x0052	0x0083      	MOVWF      STATUS
0x0053	0x0EFF      	SWAPF      R15, 1
0x0054	0x0E7F      	SWAPF      R15, 0
0x0055	0x0009      	RETFIE
; end of _interrupt
_delayInt:
;rfid_killer_lcd.h,26 :: 		void delayInt(unsigned int cnt)
;rfid_killer_lcd.h,29 :: 		for(i=0;i<cnt;i++){
0x0056	0x1283      	BCF        STATUS, 5
0x0057	0x1303      	BCF        STATUS, 6
0x0058	0x01F1      	CLRF       R1
0x0059	0x01F2      	CLRF       R1+1
L_delayInt3:
0x005A	0x0841      	MOVF       FARG_delayInt_cnt+1, 0
0x005B	0x0272      	SUBWF      R1+1, 0
0x005C	0x1D03      	BTFSS      STATUS, 2
0x005D	0x2860      	GOTO       L__delayInt22
0x005E	0x0840      	MOVF       FARG_delayInt_cnt, 0
0x005F	0x0271      	SUBWF      R1, 0
L__delayInt22:
0x0060	0x1803      	BTFSC      STATUS, 0
0x0061	0x2866      	GOTO       L_delayInt4
;rfid_killer_lcd.h,30 :: 		i=i;
;rfid_killer_lcd.h,29 :: 		for(i=0;i<cnt;i++){
0x0062	0x0AF1      	INCF       R1, 1
0x0063	0x1903      	BTFSC      STATUS, 2
0x0064	0x0AF2      	INCF       R1+1, 1
;rfid_killer_lcd.h,31 :: 		}
0x0065	0x285A      	GOTO       L_delayInt3
L_delayInt4:
;rfid_killer_lcd.h,32 :: 		}
L_end_delayInt:
0x0066	0x0008      	RETURN
; end of _delayInt
_____DoICP:
;__Lib_System.c,6 :: 		
;__Lib_System.c,9 :: 		
0x0067	0x1283      	BCF        STATUS, 5
0x0068	0x1303      	BCF        STATUS, 6
0x0069	0x0838      	MOVF       ___DoICPAddr+1, 0
0x006A	0x008A      	MOVWF      PCLATH
;__Lib_System.c,10 :: 		
0x006B	0x0837      	MOVF       ___DoICPAddr, 0
0x006C	0x0082      	MOVWF      PCL
;__Lib_System.c,12 :: 		
L_end_____DoICP:
0x006D	0x0008      	RETURN
; end of _____DoICP
_Lcd_DataWriteInt:
;rfid_killer_lcd.h,106 :: 		void Lcd_DataWriteInt(char dat)
;rfid_killer_lcd.h,108 :: 		LcdDataBus = (dat & 0xF0);      //Send higher nibble
0x006E	0x30F0      	MOVLW      240
0x006F	0x1283      	BCF        STATUS, 5
0x0070	0x1303      	BCF        STATUS, 6
0x0071	0x053F      	ANDWF      FARG_Lcd_DataWriteInt_dat, 0
0x0072	0x0088      	MOVWF      PORTD
;rfid_killer_lcd.h,109 :: 		LcdControlBus |= (1<<LCD_RS);   // Send HIGH pulse on RS pin for selecting data register
0x0073	0x1408      	BSF        PORTD, 0
;rfid_killer_lcd.h,110 :: 		LcdControlBus &= ~(1<<LCD_RW);  // Send LOW pulse on RW pin for Write operation
0x0074	0x1088      	BCF        PORTD, 1
;rfid_killer_lcd.h,111 :: 		LcdControlBus |= (1<<LCD_EN);   // Generate a High-to-low pulse on EN pin
0x0075	0x1508      	BSF        PORTD, 2
;rfid_killer_lcd.h,112 :: 		delayInt(250);
0x0076	0x30FA      	MOVLW      250
0x0077	0x00C0      	MOVWF      FARG_delayInt_cnt
0x0078	0x01C1      	CLRF       FARG_delayInt_cnt+1
0x0079	0x2056      	CALL       _delayInt
;rfid_killer_lcd.h,113 :: 		LcdControlBus &= ~(1<<LCD_EN);
0x007A	0x1108      	BCF        PORTD, 2
;rfid_killer_lcd.h,115 :: 		delayInt(500);
0x007B	0x30F4      	MOVLW      244
0x007C	0x00C0      	MOVWF      FARG_delayInt_cnt
0x007D	0x3001      	MOVLW      1
0x007E	0x00C1      	MOVWF      FARG_delayInt_cnt+1
0x007F	0x2056      	CALL       _delayInt
;rfid_killer_lcd.h,117 :: 		LcdDataBus = ((dat<<4) & 0xF0);  //Send Lower nibble
0x0080	0x083F      	MOVF       FARG_Lcd_DataWriteInt_dat, 0
0x0081	0x00F0      	MOVWF      R0
0x0082	0x0DF0      	RLF        R0, 1
0x0083	0x1070      	BCF        R0, 0
0x0084	0x0DF0      	RLF        R0, 1
0x0085	0x1070      	BCF        R0, 0
0x0086	0x0DF0      	RLF        R0, 1
0x0087	0x1070      	BCF        R0, 0
0x0088	0x0DF0      	RLF        R0, 1
0x0089	0x1070      	BCF        R0, 0
0x008A	0x30F0      	MOVLW      240
0x008B	0x0570      	ANDWF      R0, 0
0x008C	0x0088      	MOVWF      PORTD
;rfid_killer_lcd.h,118 :: 		LcdControlBus |= (1<<LCD_RS);    // Send HIGH pulse on RS pin for selecting data register
0x008D	0x1408      	BSF        PORTD, 0
;rfid_killer_lcd.h,119 :: 		LcdControlBus &= ~(1<<LCD_RW);   // Send LOW pulse on RW pin for Write operation
0x008E	0x1088      	BCF        PORTD, 1
;rfid_killer_lcd.h,120 :: 		LcdControlBus |= (1<<LCD_EN);    // Generate a High-to-low pulse on EN pin
0x008F	0x1508      	BSF        PORTD, 2
;rfid_killer_lcd.h,121 :: 		delayInt(250);
0x0090	0x30FA      	MOVLW      250
0x0091	0x00C0      	MOVWF      FARG_delayInt_cnt
0x0092	0x01C1      	CLRF       FARG_delayInt_cnt+1
0x0093	0x2056      	CALL       _delayInt
;rfid_killer_lcd.h,122 :: 		LcdControlBus &= ~(1<<LCD_EN);
0x0094	0x1108      	BCF        PORTD, 2
;rfid_killer_lcd.h,124 :: 		delayInt(500);
0x0095	0x30F4      	MOVLW      244
0x0096	0x00C0      	MOVWF      FARG_delayInt_cnt
0x0097	0x3001      	MOVLW      1
0x0098	0x00C1      	MOVWF      FARG_delayInt_cnt+1
0x0099	0x2056      	CALL       _delayInt
;rfid_killer_lcd.h,125 :: 		}
L_end_Lcd_DataWriteInt:
0x009A	0x0008      	RETURN
; end of _Lcd_DataWriteInt
_Div_32x32_U:
;__Lib_Math.c,1318 :: 		
;__Lib_Math.c,1327 :: 		
;__Lib_Math.c,1329 :: 		
0x009B	0x1283      	BCF        STATUS, 5
;__Lib_Math.c,1330 :: 		
0x009C	0x1303      	BCF        STATUS, 6
;__Lib_Math.c,1331 :: 		
0x009D	0x01FB      	CLRF       R11
;__Lib_Math.c,1332 :: 		
0x009E	0x01FA      	CLRF       R10
;__Lib_Math.c,1333 :: 		
0x009F	0x01F9      	CLRF       R9
;__Lib_Math.c,1334 :: 		
0x00A0	0x01F8      	CLRF       R8
;__Lib_Math.c,1336 :: 		
0x00A1	0x01A0      	CLRF       ___math_tempb
;__Lib_Math.c,1338 :: 		
0x00A2	0x0D73      	RLF        R3, 0
;__Lib_Math.c,1339 :: 		
0x00A3	0x0DF8      	RLF        R8, 1
;__Lib_Math.c,1340 :: 		
0x00A4	0x0874      	MOVF       R4, 0
;__Lib_Math.c,1341 :: 		
0x00A5	0x02F8      	SUBWF      R8, 1
;__Lib_Math.c,1342 :: 		
0x00A6	0x0875      	MOVF       R5, 0
;__Lib_Math.c,1343 :: 		
0x00A7	0x1C03      	BTFSS      STATUS, 0
;__Lib_Math.c,1344 :: 		
0x00A8	0x0F75      	INCFSZ     R5, 0
;__Lib_Math.c,1345 :: 		
0x00A9	0x02F9      	SUBWF      R9, 1
;__Lib_Math.c,1346 :: 		
0x00AA	0x0876      	MOVF       R6, 0
;__Lib_Math.c,1347 :: 		
0x00AB	0x1C03      	BTFSS      STATUS, 0
;__Lib_Math.c,1348 :: 		
0x00AC	0x0F76      	INCFSZ     R6, 0
;__Lib_Math.c,1349 :: 		
0x00AD	0x02FA      	SUBWF      R10, 1
;__Lib_Math.c,1350 :: 		
0x00AE	0x0877      	MOVF       R7, 0
;__Lib_Math.c,1351 :: 		
0x00AF	0x1C03      	BTFSS      STATUS, 0
;__Lib_Math.c,1352 :: 		
0x00B0	0x0F77      	INCFSZ     R7, 0
;__Lib_Math.c,1353 :: 		
0x00B1	0x02FB      	SUBWF      R11, 1
;__Lib_Math.c,1355 :: 		
0x00B2	0x0100      	CLRW
;__Lib_Math.c,1356 :: 		
0x00B3	0x1C03      	BTFSS      STATUS, 0
;__Lib_Math.c,1357 :: 		
0x00B4	0x3001      	MOVLW      1
;__Lib_Math.c,1358 :: 		
0x00B5	0x02A0      	SUBWF      ___math_tempb, 1
;__Lib_Math.c,1359 :: 		
0x00B6	0x0DF3      	RLF        R3, 1
;__Lib_Math.c,1361 :: 		
0x00B7	0x3007      	MOVLW      7
;__Lib_Math.c,1362 :: 		
0x00B8	0x00FC      	MOVWF      R12
;__Lib_Math.c,1364 :: 		
LOOPU3232A:
;__Lib_Math.c,1365 :: 		
0x00B9	0x0D73      	RLF        R3, 0
;__Lib_Math.c,1366 :: 		
0x00BA	0x0DF8      	RLF        R8, 1
;__Lib_Math.c,1367 :: 		
0x00BB	0x0DF9      	RLF        R9, 1
;__Lib_Math.c,1368 :: 		
0x00BC	0x0DFA      	RLF        R10, 1
;__Lib_Math.c,1369 :: 		
0x00BD	0x0DFB      	RLF        R11, 1
;__Lib_Math.c,1370 :: 		
0x00BE	0x0DA0      	RLF        ___math_tempb, 1
;__Lib_Math.c,1371 :: 		
0x00BF	0x0874      	MOVF       R4, 0
;__Lib_Math.c,1372 :: 		
0x00C0	0x1C73      	BTFSS      R3, 0
;__Lib_Math.c,1373 :: 		
0x00C1	0x28D4      	GOTO       UADD22LA
;__Lib_Math.c,1375 :: 		
0x00C2	0x02F8      	SUBWF      R8, 1
;__Lib_Math.c,1376 :: 		
0x00C3	0x0875      	MOVF       R5, 0
;__Lib_Math.c,1377 :: 		
0x00C4	0x1C03      	BTFSS      STATUS, 0
;__Lib_Math.c,1378 :: 		
0x00C5	0x0F75      	INCFSZ     R5, 0
;__Lib_Math.c,1379 :: 		
0x00C6	0x02F9      	SUBWF      R9, 1
;__Lib_Math.c,1380 :: 		
0x00C7	0x0876      	MOVF       R6, 0
;__Lib_Math.c,1381 :: 		
0x00C8	0x1C03      	BTFSS      STATUS, 0
;__Lib_Math.c,1382 :: 		
0x00C9	0x0F76      	INCFSZ     R6, 0
;__Lib_Math.c,1383 :: 		
0x00CA	0x02FA      	SUBWF      R10, 1
;__Lib_Math.c,1384 :: 		
0x00CB	0x0877      	MOVF       R7, 0
;__Lib_Math.c,1385 :: 		
0x00CC	0x1C03      	BTFSS      STATUS, 0
;__Lib_Math.c,1386 :: 		
0x00CD	0x0F77      	INCFSZ     R7, 0
;__Lib_Math.c,1387 :: 		
0x00CE	0x02FB      	SUBWF      R11, 1
;__Lib_Math.c,1388 :: 		
0x00CF	0x0100      	CLRW
;__Lib_Math.c,1389 :: 		
0x00D0	0x1C03      	BTFSS      STATUS, 0
;__Lib_Math.c,1390 :: 		
0x00D1	0x3001      	MOVLW      1
;__Lib_Math.c,1391 :: 		
0x00D2	0x02A0      	SUBWF      ___math_tempb, 1
;__Lib_Math.c,1392 :: 		
0x00D3	0x28E5      	GOTO       UOK22LA
;__Lib_Math.c,1394 :: 		
UADD22LA:
;__Lib_Math.c,1395 :: 		
0x00D4	0x07F8      	ADDWF      R8, 1
;__Lib_Math.c,1396 :: 		
0x00D5	0x0875      	MOVF       R5, 0
;__Lib_Math.c,1397 :: 		
0x00D6	0x1803      	BTFSC      STATUS, 0
;__Lib_Math.c,1398 :: 		
0x00D7	0x0F75      	INCFSZ     R5, 0
;__Lib_Math.c,1399 :: 		
0x00D8	0x07F9      	ADDWF      R9, 1
;__Lib_Math.c,1400 :: 		
0x00D9	0x0876      	MOVF       R6, 0
;__Lib_Math.c,1401 :: 		
0x00DA	0x1803      	BTFSC      STATUS, 0
;__Lib_Math.c,1402 :: 		
0x00DB	0x0F76      	INCFSZ     R6, 0
;__Lib_Math.c,1403 :: 		
0x00DC	0x07FA      	ADDWF      R10, 1
;__Lib_Math.c,1404 :: 		
0x00DD	0x0877      	MOVF       R7, 0
;__Lib_Math.c,1405 :: 		
0x00DE	0x1803      	BTFSC      STATUS, 0
;__Lib_Math.c,1406 :: 		
0x00DF	0x0F77      	INCFSZ     R7, 0
;__Lib_Math.c,1407 :: 		
0x00E0	0x07FB      	ADDWF      R11, 1
;__Lib_Math.c,1408 :: 		
0x00E1	0x0100      	CLRW
;__Lib_Math.c,1409 :: 		
0x00E2	0x1803      	BTFSC      STATUS, 0
;__Lib_Math.c,1410 :: 		
0x00E3	0x3001      	MOVLW      1
;__Lib_Math.c,1411 :: 		
0x00E4	0x07A0      	ADDWF      ___math_tempb, 1
;__Lib_Math.c,1413 :: 		
UOK22LA:
;__Lib_Math.c,1414 :: 		
0x00E5	0x0DF3      	RLF        R3, 1
;__Lib_Math.c,1416 :: 		
0x00E6	0x0BFC      	DECFSZ     R12, 1
;__Lib_Math.c,1417 :: 		
0x00E7	0x28B9      	GOTO       LOOPU3232A
;__Lib_Math.c,1419 :: 		
0x00E8	0x0D72      	RLF        R2, 0
;__Lib_Math.c,1420 :: 		
0x00E9	0x0DF8      	RLF        R8, 1
;__Lib_Math.c,1421 :: 		
0x00EA	0x0DF9      	RLF        R9, 1
;__Lib_Math.c,1422 :: 		
0x00EB	0x0DFA      	RLF        R10, 1
;__Lib_Math.c,1423 :: 		
0x00EC	0x0DFB      	RLF        R11, 1
;__Lib_Math.c,1424 :: 		
0x00ED	0x0DA0      	RLF        ___math_tempb, 1
;__Lib_Math.c,1425 :: 		
0x00EE	0x0874      	MOVF       R4, 0
;__Lib_Math.c,1426 :: 		
0x00EF	0x1C73      	BTFSS      R3, 0
;__Lib_Math.c,1427 :: 		
0x00F0	0x2903      	GOTO       UADD22L8
;__Lib_Math.c,1429 :: 		
0x00F1	0x02F8      	SUBWF      R8, 1
;__Lib_Math.c,1430 :: 		
0x00F2	0x0875      	MOVF       R5, 0
;__Lib_Math.c,1431 :: 		
0x00F3	0x1C03      	BTFSS      STATUS, 0
;__Lib_Math.c,1432 :: 		
0x00F4	0x0F75      	INCFSZ     R5, 0
;__Lib_Math.c,1433 :: 		
0x00F5	0x02F9      	SUBWF      R9, 1
;__Lib_Math.c,1434 :: 		
0x00F6	0x0876      	MOVF       R6, 0
;__Lib_Math.c,1435 :: 		
0x00F7	0x1C03      	BTFSS      STATUS, 0
;__Lib_Math.c,1436 :: 		
0x00F8	0x0F76      	INCFSZ     R6, 0
;__Lib_Math.c,1437 :: 		
0x00F9	0x02FA      	SUBWF      R10, 1
;__Lib_Math.c,1438 :: 		
0x00FA	0x0877      	MOVF       R7, 0
;__Lib_Math.c,1439 :: 		
0x00FB	0x1C03      	BTFSS      STATUS, 0
;__Lib_Math.c,1440 :: 		
0x00FC	0x0F77      	INCFSZ     R7, 0
;__Lib_Math.c,1441 :: 		
0x00FD	0x02FB      	SUBWF      R11, 1
;__Lib_Math.c,1442 :: 		
0x00FE	0x0100      	CLRW
;__Lib_Math.c,1443 :: 		
0x00FF	0x1C03      	BTFSS      STATUS, 0
;__Lib_Math.c,1444 :: 		
0x0100	0x3001      	MOVLW      1
;__Lib_Math.c,1445 :: 		
0x0101	0x02A0      	SUBWF      ___math_tempb, 1
;__Lib_Math.c,1446 :: 		
0x0102	0x2914      	GOTO       UOK22L8
;__Lib_Math.c,1448 :: 		
UADD22L8:
;__Lib_Math.c,1449 :: 		
0x0103	0x07F8      	ADDWF      R8, 1
;__Lib_Math.c,1450 :: 		
0x0104	0x0875      	MOVF       R5, 0
;__Lib_Math.c,1451 :: 		
0x0105	0x1803      	BTFSC      STATUS, 0
;__Lib_Math.c,1452 :: 		
0x0106	0x0F75      	INCFSZ     R5, 0
;__Lib_Math.c,1453 :: 		
0x0107	0x07F9      	ADDWF      R9, 1
;__Lib_Math.c,1454 :: 		
0x0108	0x0876      	MOVF       R6, 0
;__Lib_Math.c,1455 :: 		
0x0109	0x1803      	BTFSC      STATUS, 0
;__Lib_Math.c,1456 :: 		
0x010A	0x0F76      	INCFSZ     R6, 0
;__Lib_Math.c,1457 :: 		
0x010B	0x07FA      	ADDWF      R10, 1
;__Lib_Math.c,1458 :: 		
0x010C	0x0877      	MOVF       R7, 0
;__Lib_Math.c,1459 :: 		
0x010D	0x1803      	BTFSC      STATUS, 0
;__Lib_Math.c,1460 :: 		
0x010E	0x0F77      	INCFSZ     R7, 0
;__Lib_Math.c,1461 :: 		
0x010F	0x07FB      	ADDWF      R11, 1
;__Lib_Math.c,1462 :: 		
0x0110	0x0100      	CLRW
;__Lib_Math.c,1463 :: 		
0x0111	0x1803      	BTFSC      STATUS, 0
;__Lib_Math.c,1464 :: 		
0x0112	0x3001      	MOVLW      1
;__Lib_Math.c,1465 :: 		
0x0113	0x07A0      	ADDWF      ___math_tempb, 1
;__Lib_Math.c,1467 :: 		
UOK22L8:
;__Lib_Math.c,1468 :: 		
0x0114	0x0DF2      	RLF        R2, 1
;__Lib_Math.c,1470 :: 		
0x0115	0x3007      	MOVLW      7
;__Lib_Math.c,1471 :: 		
0x0116	0x00FC      	MOVWF      R12
;__Lib_Math.c,1473 :: 		
LOOPU3232B:
;__Lib_Math.c,1474 :: 		
0x0117	0x0D72      	RLF        R2, 0
;__Lib_Math.c,1475 :: 		
0x0118	0x0DF8      	RLF        R8, 1
;__Lib_Math.c,1476 :: 		
0x0119	0x0DF9      	RLF        R9, 1
;__Lib_Math.c,1477 :: 		
0x011A	0x0DFA      	RLF        R10, 1
;__Lib_Math.c,1478 :: 		
0x011B	0x0DFB      	RLF        R11, 1
;__Lib_Math.c,1479 :: 		
0x011C	0x0DA0      	RLF        ___math_tempb, 1
;__Lib_Math.c,1480 :: 		
0x011D	0x0874      	MOVF       R4, 0
;__Lib_Math.c,1481 :: 		
0x011E	0x1C72      	BTFSS      R2, 0
;__Lib_Math.c,1482 :: 		
0x011F	0x2932      	GOTO       UADD22LB
;__Lib_Math.c,1484 :: 		
0x0120	0x02F8      	SUBWF      R8, 1
;__Lib_Math.c,1485 :: 		
0x0121	0x0875      	MOVF       R5, 0
;__Lib_Math.c,1486 :: 		
0x0122	0x1C03      	BTFSS      STATUS, 0
;__Lib_Math.c,1487 :: 		
0x0123	0x0F75      	INCFSZ     R5, 0
;__Lib_Math.c,1488 :: 		
0x0124	0x02F9      	SUBWF      R9, 1
;__Lib_Math.c,1489 :: 		
0x0125	0x0876      	MOVF       R6, 0
;__Lib_Math.c,1490 :: 		
0x0126	0x1C03      	BTFSS      STATUS, 0
;__Lib_Math.c,1491 :: 		
0x0127	0x0F76      	INCFSZ     R6, 0
;__Lib_Math.c,1492 :: 		
0x0128	0x02FA      	SUBWF      R10, 1
;__Lib_Math.c,1493 :: 		
0x0129	0x0877      	MOVF       R7, 0
;__Lib_Math.c,1494 :: 		
0x012A	0x1C03      	BTFSS      STATUS, 0
;__Lib_Math.c,1495 :: 		
0x012B	0x0F77      	INCFSZ     R7, 0
;__Lib_Math.c,1496 :: 		
0x012C	0x02FB      	SUBWF      R11, 1
;__Lib_Math.c,1497 :: 		
0x012D	0x0100      	CLRW
;__Lib_Math.c,1498 :: 		
0x012E	0x1C03      	BTFSS      STATUS, 0
;__Lib_Math.c,1499 :: 		
0x012F	0x3001      	MOVLW      1
;__Lib_Math.c,1500 :: 		
0x0130	0x02A0      	SUBWF      ___math_tempb, 1
;__Lib_Math.c,1501 :: 		
0x0131	0x2943      	GOTO       UOK22LB
;__Lib_Math.c,1503 :: 		
UADD22LB:
;__Lib_Math.c,1504 :: 		
0x0132	0x07F8      	ADDWF      R8, 1
;__Lib_Math.c,1505 :: 		
0x0133	0x0875      	MOVF       R5, 0
;__Lib_Math.c,1506 :: 		
0x0134	0x1803      	BTFSC      STATUS, 0
;__Lib_Math.c,1507 :: 		
0x0135	0x0F75      	INCFSZ     R5, 0
;__Lib_Math.c,1508 :: 		
0x0136	0x07F9      	ADDWF      R9, 1
;__Lib_Math.c,1509 :: 		
0x0137	0x0876      	MOVF       R6, 0
;__Lib_Math.c,1510 :: 		
0x0138	0x1803      	BTFSC      STATUS, 0
;__Lib_Math.c,1511 :: 		
0x0139	0x0F76      	INCFSZ     R6, 0
;__Lib_Math.c,1512 :: 		
0x013A	0x07FA      	ADDWF      R10, 1
;__Lib_Math.c,1513 :: 		
0x013B	0x0877      	MOVF       R7, 0
;__Lib_Math.c,1514 :: 		
0x013C	0x1803      	BTFSC      STATUS, 0
;__Lib_Math.c,1515 :: 		
0x013D	0x0F77      	INCFSZ     R7, 0
;__Lib_Math.c,1516 :: 		
0x013E	0x07FB      	ADDWF      R11, 1
;__Lib_Math.c,1517 :: 		
0x013F	0x0100      	CLRW
;__Lib_Math.c,1518 :: 		
0x0140	0x1803      	BTFSC      STATUS, 0
;__Lib_Math.c,1519 :: 		
0x0141	0x3001      	MOVLW      1
;__Lib_Math.c,1520 :: 		
0x0142	0x07A0      	ADDWF      ___math_tempb, 1
;__Lib_Math.c,1522 :: 		
UOK22LB:
;__Lib_Math.c,1523 :: 		
0x0143	0x0DF2      	RLF        R2, 1
;__Lib_Math.c,1525 :: 		
0x0144	0x0BFC      	DECFSZ     R12, 1
;__Lib_Math.c,1526 :: 		
0x0145	0x2917      	GOTO       LOOPU3232B
;__Lib_Math.c,1528 :: 		
0x0146	0x0D71      	RLF        R1, 0
;__Lib_Math.c,1529 :: 		
0x0147	0x0DF8      	RLF        R8, 1
;__Lib_Math.c,1530 :: 		
0x0148	0x0DF9      	RLF        R9, 1
;__Lib_Math.c,1531 :: 		
0x0149	0x0DFA      	RLF        R10, 1
;__Lib_Math.c,1532 :: 		
0x014A	0x0DFB      	RLF        R11, 1
;__Lib_Math.c,1533 :: 		
0x014B	0x0DA0      	RLF        ___math_tempb, 1
;__Lib_Math.c,1534 :: 		
0x014C	0x0874      	MOVF       R4, 0
;__Lib_Math.c,1535 :: 		
0x014D	0x1C72      	BTFSS      R2, 0
;__Lib_Math.c,1536 :: 		
0x014E	0x2961      	GOTO       UADD22L16
;__Lib_Math.c,1538 :: 		
0x014F	0x02F8      	SUBWF      R8, 1
;__Lib_Math.c,1539 :: 		
0x0150	0x0875      	MOVF       R5, 0
;__Lib_Math.c,1540 :: 		
0x0151	0x1C03      	BTFSS      STATUS, 0
;__Lib_Math.c,1541 :: 		
0x0152	0x0F75      	INCFSZ     R5, 0
;__Lib_Math.c,1542 :: 		
0x0153	0x02F9      	SUBWF      R9, 1
;__Lib_Math.c,1543 :: 		
0x0154	0x0876      	MOVF       R6, 0
;__Lib_Math.c,1544 :: 		
0x0155	0x1C03      	BTFSS      STATUS, 0
;__Lib_Math.c,1545 :: 		
0x0156	0x0F76      	INCFSZ     R6, 0
;__Lib_Math.c,1546 :: 		
0x0157	0x02FA      	SUBWF      R10, 1
;__Lib_Math.c,1547 :: 		
0x0158	0x0877      	MOVF       R7, 0
;__Lib_Math.c,1548 :: 		
0x0159	0x1C03      	BTFSS      STATUS, 0
;__Lib_Math.c,1549 :: 		
0x015A	0x0F77      	INCFSZ     R7, 0
;__Lib_Math.c,1550 :: 		
0x015B	0x02FB      	SUBWF      R11, 1
;__Lib_Math.c,1551 :: 		
0x015C	0x0100      	CLRW
;__Lib_Math.c,1552 :: 		
0x015D	0x1C03      	BTFSS      STATUS, 0
;__Lib_Math.c,1553 :: 		
0x015E	0x3001      	MOVLW      1
;__Lib_Math.c,1554 :: 		
0x015F	0x02A0      	SUBWF      ___math_tempb, 1
;__Lib_Math.c,1555 :: 		
0x0160	0x2972      	GOTO       UOK22L16
;__Lib_Math.c,1557 :: 		
UADD22L16:
;__Lib_Math.c,1558 :: 		
0x0161	0x07F8      	ADDWF      R8, 1
;__Lib_Math.c,1559 :: 		
0x0162	0x0875      	MOVF       R5, 0
;__Lib_Math.c,1560 :: 		
0x0163	0x1803      	BTFSC      STATUS, 0
;__Lib_Math.c,1561 :: 		
0x0164	0x0F75      	INCFSZ     R5, 0
;__Lib_Math.c,1562 :: 		
0x0165	0x07F9      	ADDWF      R9, 1
;__Lib_Math.c,1563 :: 		
0x0166	0x0876      	MOVF       R6, 0
;__Lib_Math.c,1564 :: 		
0x0167	0x1803      	BTFSC      STATUS, 0
;__Lib_Math.c,1565 :: 		
0x0168	0x0F76      	INCFSZ     R6, 0
;__Lib_Math.c,1566 :: 		
0x0169	0x07FA      	ADDWF      R10, 1
;__Lib_Math.c,1567 :: 		
0x016A	0x0877      	MOVF       R7, 0
;__Lib_Math.c,1568 :: 		
0x016B	0x1803      	BTFSC      STATUS, 0
;__Lib_Math.c,1569 :: 		
0x016C	0x0F77      	INCFSZ     R7, 0
;__Lib_Math.c,1570 :: 		
0x016D	0x07FB      	ADDWF      R11, 1
;__Lib_Math.c,1571 :: 		
0x016E	0x0100      	CLRW
;__Lib_Math.c,1572 :: 		
0x016F	0x1803      	BTFSC      STATUS, 0
;__Lib_Math.c,1573 :: 		
0x0170	0x3001      	MOVLW      1
;__Lib_Math.c,1574 :: 		
0x0171	0x07A0      	ADDWF      ___math_tempb, 1
;__Lib_Math.c,1576 :: 		
UOK22L16:
;__Lib_Math.c,1577 :: 		
0x0172	0x0DF1      	RLF        R1, 1
;__Lib_Math.c,1579 :: 		
0x0173	0x3007      	MOVLW      7
;__Lib_Math.c,1580 :: 		
0x0174	0x00FC      	MOVWF      R12
;__Lib_Math.c,1582 :: 		
LOOPU3232C:
;__Lib_Math.c,1583 :: 		
0x0175	0x0D71      	RLF        R1, 0
;__Lib_Math.c,1584 :: 		
0x0176	0x0DF8      	RLF        R8, 1
;__Lib_Math.c,1585 :: 		
0x0177	0x0DF9      	RLF        R9, 1
;__Lib_Math.c,1586 :: 		
0x0178	0x0DFA      	RLF        R10, 1
;__Lib_Math.c,1587 :: 		
0x0179	0x0DFB      	RLF        R11, 1
;__Lib_Math.c,1588 :: 		
0x017A	0x0DA0      	RLF        ___math_tempb, 1
;__Lib_Math.c,1589 :: 		
0x017B	0x0874      	MOVF       R4, 0
;__Lib_Math.c,1590 :: 		
0x017C	0x1C71      	BTFSS      R1, 0
;__Lib_Math.c,1591 :: 		
0x017D	0x2990      	GOTO       UADD22LC
;__Lib_Math.c,1593 :: 		
0x017E	0x02F8      	SUBWF      R8, 1
;__Lib_Math.c,1594 :: 		
0x017F	0x0875      	MOVF       R5, 0
;__Lib_Math.c,1595 :: 		
0x0180	0x1C03      	BTFSS      STATUS, 0
;__Lib_Math.c,1596 :: 		
0x0181	0x0F75      	INCFSZ     R5, 0
;__Lib_Math.c,1597 :: 		
0x0182	0x02F9      	SUBWF      R9, 1
;__Lib_Math.c,1598 :: 		
0x0183	0x0876      	MOVF       R6, 0
;__Lib_Math.c,1599 :: 		
0x0184	0x1C03      	BTFSS      STATUS, 0
;__Lib_Math.c,1600 :: 		
0x0185	0x0F76      	INCFSZ     R6, 0
;__Lib_Math.c,1601 :: 		
0x0186	0x02FA      	SUBWF      R10, 1
;__Lib_Math.c,1602 :: 		
0x0187	0x0877      	MOVF       R7, 0
;__Lib_Math.c,1603 :: 		
0x0188	0x1C03      	BTFSS      STATUS, 0
;__Lib_Math.c,1604 :: 		
0x0189	0x0F77      	INCFSZ     R7, 0
;__Lib_Math.c,1605 :: 		
0x018A	0x02FB      	SUBWF      R11, 1
;__Lib_Math.c,1606 :: 		
0x018B	0x0100      	CLRW
;__Lib_Math.c,1607 :: 		
0x018C	0x1C03      	BTFSS      STATUS, 0
;__Lib_Math.c,1608 :: 		
0x018D	0x3001      	MOVLW      1
;__Lib_Math.c,1609 :: 		
0x018E	0x02A0      	SUBWF      ___math_tempb, 1
;__Lib_Math.c,1610 :: 		
0x018F	0x29A1      	GOTO       UOK22LC
;__Lib_Math.c,1612 :: 		
UADD22LC:
;__Lib_Math.c,1613 :: 		
0x0190	0x07F8      	ADDWF      R8, 1
;__Lib_Math.c,1614 :: 		
0x0191	0x0875      	MOVF       R5, 0
;__Lib_Math.c,1615 :: 		
0x0192	0x1803      	BTFSC      STATUS, 0
;__Lib_Math.c,1616 :: 		
0x0193	0x0F75      	INCFSZ     R5, 0
;__Lib_Math.c,1617 :: 		
0x0194	0x07F9      	ADDWF      R9, 1
;__Lib_Math.c,1618 :: 		
0x0195	0x0876      	MOVF       R6, 0
;__Lib_Math.c,1619 :: 		
0x0196	0x1803      	BTFSC      STATUS, 0
;__Lib_Math.c,1620 :: 		
0x0197	0x0F76      	INCFSZ     R6, 0
;__Lib_Math.c,1621 :: 		
0x0198	0x07FA      	ADDWF      R10, 1
;__Lib_Math.c,1622 :: 		
0x0199	0x0877      	MOVF       R7, 0
;__Lib_Math.c,1623 :: 		
0x019A	0x1803      	BTFSC      STATUS, 0
;__Lib_Math.c,1624 :: 		
0x019B	0x0F77      	INCFSZ     R7, 0
;__Lib_Math.c,1625 :: 		
0x019C	0x07FB      	ADDWF      R11, 1
;__Lib_Math.c,1626 :: 		
0x019D	0x0100      	CLRW
;__Lib_Math.c,1627 :: 		
0x019E	0x1803      	BTFSC      STATUS, 0
;__Lib_Math.c,1628 :: 		
0x019F	0x3001      	MOVLW      1
;__Lib_Math.c,1629 :: 		
0x01A0	0x07A0      	ADDWF      ___math_tempb, 1
;__Lib_Math.c,1631 :: 		
UOK22LC:
;__Lib_Math.c,1632 :: 		
0x01A1	0x0DF1      	RLF        R1, 1
;__Lib_Math.c,1634 :: 		
0x01A2	0x0BFC      	DECFSZ     R12, 1
;__Lib_Math.c,1635 :: 		
0x01A3	0x2975      	GOTO       LOOPU3232C
;__Lib_Math.c,1637 :: 		
0x01A4	0x0D70      	RLF        R0, 0
;__Lib_Math.c,1638 :: 		
0x01A5	0x0DF8      	RLF        R8, 1
;__Lib_Math.c,1639 :: 		
0x01A6	0x0DF9      	RLF        R9, 1
;__Lib_Math.c,1640 :: 		
0x01A7	0x0DFA      	RLF        R10, 1
;__Lib_Math.c,1641 :: 		
0x01A8	0x0DFB      	RLF        R11, 1
;__Lib_Math.c,1642 :: 		
0x01A9	0x0DA0      	RLF        ___math_tempb, 1
;__Lib_Math.c,1643 :: 		
0x01AA	0x0874      	MOVF       R4, 0
;__Lib_Math.c,1644 :: 		
0x01AB	0x1C71      	BTFSS      R1, 0
;__Lib_Math.c,1645 :: 		
0x01AC	0x29BF      	GOTO       UADD22L24
;__Lib_Math.c,1647 :: 		
0x01AD	0x02F8      	SUBWF      R8, 1
;__Lib_Math.c,1648 :: 		
0x01AE	0x0875      	MOVF       R5, 0
;__Lib_Math.c,1649 :: 		
0x01AF	0x1C03      	BTFSS      STATUS, 0
;__Lib_Math.c,1650 :: 		
0x01B0	0x0F75      	INCFSZ     R5, 0
;__Lib_Math.c,1651 :: 		
0x01B1	0x02F9      	SUBWF      R9, 1
;__Lib_Math.c,1652 :: 		
0x01B2	0x0876      	MOVF       R6, 0
;__Lib_Math.c,1653 :: 		
0x01B3	0x1C03      	BTFSS      STATUS, 0
;__Lib_Math.c,1654 :: 		
0x01B4	0x0F76      	INCFSZ     R6, 0
;__Lib_Math.c,1655 :: 		
0x01B5	0x02FA      	SUBWF      R10, 1
;__Lib_Math.c,1656 :: 		
0x01B6	0x0877      	MOVF       R7, 0
;__Lib_Math.c,1657 :: 		
0x01B7	0x1C03      	BTFSS      STATUS, 0
;__Lib_Math.c,1658 :: 		
0x01B8	0x0F77      	INCFSZ     R7, 0
;__Lib_Math.c,1659 :: 		
0x01B9	0x02FB      	SUBWF      R11, 1
;__Lib_Math.c,1660 :: 		
0x01BA	0x0100      	CLRW
;__Lib_Math.c,1661 :: 		
0x01BB	0x1C03      	BTFSS      STATUS, 0
;__Lib_Math.c,1662 :: 		
0x01BC	0x3001      	MOVLW      1
;__Lib_Math.c,1663 :: 		
0x01BD	0x02A0      	SUBWF      ___math_tempb, 1
;__Lib_Math.c,1664 :: 		
0x01BE	0x29D0      	GOTO       UOK22L24
;__Lib_Math.c,1666 :: 		
UADD22L24:
;__Lib_Math.c,1667 :: 		
0x01BF	0x07F8      	ADDWF      R8, 1
;__Lib_Math.c,1668 :: 		
0x01C0	0x0875      	MOVF       R5, 0
;__Lib_Math.c,1669 :: 		
0x01C1	0x1803      	BTFSC      STATUS, 0
;__Lib_Math.c,1670 :: 		
0x01C2	0x0F75      	INCFSZ     R5, 0
;__Lib_Math.c,1671 :: 		
0x01C3	0x07F9      	ADDWF      R9, 1
;__Lib_Math.c,1672 :: 		
0x01C4	0x0876      	MOVF       R6, 0
;__Lib_Math.c,1673 :: 		
0x01C5	0x1803      	BTFSC      STATUS, 0
;__Lib_Math.c,1674 :: 		
0x01C6	0x0F76      	INCFSZ     R6, 0
;__Lib_Math.c,1675 :: 		
0x01C7	0x07FA      	ADDWF      R10, 1
;__Lib_Math.c,1676 :: 		
0x01C8	0x0877      	MOVF       R7, 0
;__Lib_Math.c,1677 :: 		
0x01C9	0x1803      	BTFSC      STATUS, 0
;__Lib_Math.c,1678 :: 		
0x01CA	0x0F77      	INCFSZ     R7, 0
;__Lib_Math.c,1679 :: 		
0x01CB	0x07FB      	ADDWF      R11, 1
;__Lib_Math.c,1680 :: 		
0x01CC	0x0100      	CLRW
;__Lib_Math.c,1681 :: 		
0x01CD	0x1803      	BTFSC      STATUS, 0
;__Lib_Math.c,1682 :: 		
0x01CE	0x3001      	MOVLW      1
;__Lib_Math.c,1683 :: 		
0x01CF	0x07A0      	ADDWF      ___math_tempb, 1
;__Lib_Math.c,1685 :: 		
UOK22L24:
;__Lib_Math.c,1686 :: 		
0x01D0	0x0DF0      	RLF        R0, 1
;__Lib_Math.c,1688 :: 		
0x01D1	0x3007      	MOVLW      7
;__Lib_Math.c,1689 :: 		
0x01D2	0x00FC      	MOVWF      R12
;__Lib_Math.c,1691 :: 		
LOOPU3232D:
;__Lib_Math.c,1692 :: 		
0x01D3	0x0D70      	RLF        R0, 0
;__Lib_Math.c,1693 :: 		
0x01D4	0x0DF8      	RLF        R8, 1
;__Lib_Math.c,1694 :: 		
0x01D5	0x0DF9      	RLF        R9, 1
;__Lib_Math.c,1695 :: 		
0x01D6	0x0DFA      	RLF        R10, 1
;__Lib_Math.c,1696 :: 		
0x01D7	0x0DFB      	RLF        R11, 1
;__Lib_Math.c,1697 :: 		
0x01D8	0x0DA0      	RLF        ___math_tempb, 1
;__Lib_Math.c,1698 :: 		
0x01D9	0x0874      	MOVF       R4, 0
;__Lib_Math.c,1699 :: 		
0x01DA	0x1C70      	BTFSS      R0, 0
;__Lib_Math.c,1700 :: 		
0x01DB	0x29EE      	GOTO       UADD22LD
;__Lib_Math.c,1702 :: 		
0x01DC	0x02F8      	SUBWF      R8, 1
;__Lib_Math.c,1703 :: 		
0x01DD	0x0875      	MOVF       R5, 0
;__Lib_Math.c,1704 :: 		
0x01DE	0x1C03      	BTFSS      STATUS, 0
;__Lib_Math.c,1705 :: 		
0x01DF	0x0F75      	INCFSZ     R5, 0
;__Lib_Math.c,1706 :: 		
0x01E0	0x02F9      	SUBWF      R9, 1
;__Lib_Math.c,1707 :: 		
0x01E1	0x0876      	MOVF       R6, 0
;__Lib_Math.c,1708 :: 		
0x01E2	0x1C03      	BTFSS      STATUS, 0
;__Lib_Math.c,1709 :: 		
0x01E3	0x0F76      	INCFSZ     R6, 0
;__Lib_Math.c,1710 :: 		
0x01E4	0x02FA      	SUBWF      R10, 1
;__Lib_Math.c,1711 :: 		
0x01E5	0x0877      	MOVF       R7, 0
;__Lib_Math.c,1712 :: 		
0x01E6	0x1C03      	BTFSS      STATUS, 0
;__Lib_Math.c,1713 :: 		
0x01E7	0x0F77      	INCFSZ     R7, 0
;__Lib_Math.c,1714 :: 		
0x01E8	0x02FB      	SUBWF      R11, 1
;__Lib_Math.c,1715 :: 		
0x01E9	0x0100      	CLRW
;__Lib_Math.c,1716 :: 		
0x01EA	0x1C03      	BTFSS      STATUS, 0
;__Lib_Math.c,1717 :: 		
0x01EB	0x3001      	MOVLW      1
;__Lib_Math.c,1718 :: 		
0x01EC	0x02A0      	SUBWF      ___math_tempb, 1
;__Lib_Math.c,1719 :: 		
0x01ED	0x29FF      	GOTO       UOK22LD
;__Lib_Math.c,1721 :: 		
UADD22LD:
;__Lib_Math.c,1722 :: 		
0x01EE	0x07F8      	ADDWF      R8, 1
;__Lib_Math.c,1723 :: 		
0x01EF	0x0875      	MOVF       R5, 0
;__Lib_Math.c,1724 :: 		
0x01F0	0x1803      	BTFSC      STATUS, 0
;__Lib_Math.c,1725 :: 		
0x01F1	0x0F75      	INCFSZ     R5, 0
;__Lib_Math.c,1726 :: 		
0x01F2	0x07F9      	ADDWF      R9, 1
;__Lib_Math.c,1727 :: 		
0x01F3	0x0876      	MOVF       R6, 0
;__Lib_Math.c,1728 :: 		
0x01F4	0x1803      	BTFSC      STATUS, 0
;__Lib_Math.c,1729 :: 		
0x01F5	0x0F76      	INCFSZ     R6, 0
;__Lib_Math.c,1730 :: 		
0x01F6	0x07FA      	ADDWF      R10, 1
;__Lib_Math.c,1731 :: 		
0x01F7	0x0877      	MOVF       R7, 0
;__Lib_Math.c,1732 :: 		
0x01F8	0x1803      	BTFSC      STATUS, 0
;__Lib_Math.c,1733 :: 		
0x01F9	0x0F77      	INCFSZ     R7, 0
;__Lib_Math.c,1734 :: 		
0x01FA	0x07FB      	ADDWF      R11, 1
;__Lib_Math.c,1735 :: 		
0x01FB	0x0100      	CLRW
;__Lib_Math.c,1736 :: 		
0x01FC	0x1803      	BTFSC      STATUS, 0
;__Lib_Math.c,1737 :: 		
0x01FD	0x3001      	MOVLW      1
;__Lib_Math.c,1738 :: 		
0x01FE	0x07A0      	ADDWF      ___math_tempb, 1
;__Lib_Math.c,1740 :: 		
UOK22LD:
;__Lib_Math.c,1741 :: 		
0x01FF	0x0DF0      	RLF        R0, 1
;__Lib_Math.c,1743 :: 		
0x0200	0x0BFC      	DECFSZ     R12, 1
;__Lib_Math.c,1744 :: 		
0x0201	0x29D3      	GOTO       LOOPU3232D
;__Lib_Math.c,1746 :: 		
0x0202	0x1870      	BTFSC      R0, 0
;__Lib_Math.c,1747 :: 		
0x0203	0x2A12      	GOTO       UOK22L
;__Lib_Math.c,1748 :: 		
0x0204	0x0874      	MOVF       R4, 0
;__Lib_Math.c,1749 :: 		
0x0205	0x07F8      	ADDWF      R8, 1
;__Lib_Math.c,1750 :: 		
0x0206	0x0875      	MOVF       R5, 0
;__Lib_Math.c,1751 :: 		
0x0207	0x1803      	BTFSC      STATUS, 0
;__Lib_Math.c,1752 :: 		
0x0208	0x0F75      	INCFSZ     R5, 0
;__Lib_Math.c,1753 :: 		
0x0209	0x07F9      	ADDWF      R9, 1
;__Lib_Math.c,1754 :: 		
0x020A	0x0876      	MOVF       R6, 0
;__Lib_Math.c,1755 :: 		
0x020B	0x1803      	BTFSC      STATUS, 0
;__Lib_Math.c,1756 :: 		
0x020C	0x0F76      	INCFSZ     R6, 0
;__Lib_Math.c,1757 :: 		
0x020D	0x07FA      	ADDWF      R10, 1
;__Lib_Math.c,1758 :: 		
0x020E	0x0877      	MOVF       R7, 0
;__Lib_Math.c,1759 :: 		
0x020F	0x1803      	BTFSC      STATUS, 0
;__Lib_Math.c,1760 :: 		
0x0210	0x0F77      	INCFSZ     R7, 0
;__Lib_Math.c,1761 :: 		
0x0211	0x07FB      	ADDWF      R11, 1
;__Lib_Math.c,1763 :: 		
UOK22L:
;__Lib_Math.c,1766 :: 		
L_end_Div_32x32_U:
0x0212	0x0008      	RETURN
; end of _Div_32x32_U
_UART_Init:
;USART_Rx.c,10 :: 		void UART_Init(int baudRate)
;USART_Rx.c,12 :: 		INTCON = 0b11000000;
0x0213	0x30C0      	MOVLW      192
0x0214	0x008B      	MOVWF      INTCON
;USART_Rx.c,13 :: 		PIE1 = 0b00100000; // enable recieve interrupt
0x0215	0x3020      	MOVLW      32
0x0216	0x1683      	BSF        STATUS, 5
0x0217	0x1303      	BCF        STATUS, 6
0x0218	0x008C      	MOVWF      PIE1
;USART_Rx.c,14 :: 		TRISC=0x80;            // Configure Rx pin as input and Tx as output
0x0219	0x3080      	MOVLW      128
0x021A	0x0087      	MOVWF      TRISC
;USART_Rx.c,15 :: 		TXSTA=(1<<SBIT_TXEN);  // Asynchronous mode, 8-bit data & enable transmitter
0x021B	0x3020      	MOVLW      32
0x021C	0x0098      	MOVWF      TXSTA
;USART_Rx.c,16 :: 		RCSTA=(1<<SBIT_SPEN) | (1<<SBIT_CREN);  // Enable Serial Port and 8-bit
0x021D	0x3090      	MOVLW      144
0x021E	0x1283      	BCF        STATUS, 5
0x021F	0x0098      	MOVWF      RCSTA
;USART_Rx.c,17 :: 		RCSTA = 0x90;
0x0220	0x3090      	MOVLW      144
0x0221	0x0098      	MOVWF      RCSTA
;USART_Rx.c,18 :: 		SPBRG = (8000000UL/(long)(64UL*baudRate))-1;      // baud rate @20Mhz Clock
0x0222	0x3006      	MOVLW      6
0x0223	0x00F0      	MOVWF      R0
0x0224	0x083B      	MOVF       FARG_UART_Init_baudRate, 0
0x0225	0x00F4      	MOVWF      R4
0x0226	0x083C      	MOVF       FARG_UART_Init_baudRate+1, 0
0x0227	0x00F5      	MOVWF      R4+1
0x0228	0x3000      	MOVLW      0
0x0229	0x1BF5      	BTFSC      R4+1, 7
0x022A	0x30FF      	MOVLW      255
0x022B	0x00F6      	MOVWF      R4+2
0x022C	0x00F7      	MOVWF      R4+3
0x022D	0x0870      	MOVF       R0, 0
L__UART_Init30:
0x022E	0x1903      	BTFSC      STATUS, 2
0x022F	0x2A37      	GOTO       L__UART_Init31
0x0230	0x0DF4      	RLF        R4, 1
0x0231	0x0DF5      	RLF        R4+1, 1
0x0232	0x0DF6      	RLF        R4+2, 1
0x0233	0x0DF7      	RLF        R4+3, 1
0x0234	0x1074      	BCF        R4, 0
0x0235	0x3EFF      	ADDLW      255
0x0236	0x2A2E      	GOTO       L__UART_Init30
L__UART_Init31:
0x0237	0x3000      	MOVLW      0
0x0238	0x00F0      	MOVWF      R0
0x0239	0x3012      	MOVLW      18
0x023A	0x00F1      	MOVWF      R0+1
0x023B	0x307A      	MOVLW      122
0x023C	0x00F2      	MOVWF      R0+2
0x023D	0x3000      	MOVLW      0
0x023E	0x00F3      	MOVWF      R0+3
0x023F	0x209B      	CALL       _Div_32x32_U
0x0240	0x0370      	DECF       R0, 0
0x0241	0x1683      	BSF        STATUS, 5
0x0242	0x0099      	MOVWF      SPBRG
;USART_Rx.c,19 :: 		}
L_end_UART_Init:
0x0243	0x0008      	RETURN
; end of _UART_Init
_Lcd_CmdWriteInt:
;rfid_killer_lcd.h,59 :: 		void Lcd_CmdWriteInt(char cmd)
;rfid_killer_lcd.h,61 :: 		LcdDataBus = (cmd & 0xF0);     //Send higher nibble
0x0244	0x30F0      	MOVLW      240
0x0245	0x1283      	BCF        STATUS, 5
0x0246	0x1303      	BCF        STATUS, 6
0x0247	0x053D      	ANDWF      FARG_Lcd_CmdWriteInt_cmd, 0
0x0248	0x0088      	MOVWF      PORTD
;rfid_killer_lcd.h,62 :: 		LcdControlBus &= ~(1<<LCD_RS); // Send LOW pulse on RS pin for selecting Command register
0x0249	0x1008      	BCF        PORTD, 0
;rfid_killer_lcd.h,63 :: 		LcdControlBus &= ~(1<<LCD_RW); // Send LOW pulse on RW pin for Write operation
0x024A	0x1088      	BCF        PORTD, 1
;rfid_killer_lcd.h,64 :: 		LcdControlBus |= (1<<LCD_EN);  // Generate a High-to-low pulse on EN pin
0x024B	0x1508      	BSF        PORTD, 2
;rfid_killer_lcd.h,65 :: 		delayInt(250);
0x024C	0x30FA      	MOVLW      250
0x024D	0x00C0      	MOVWF      FARG_delayInt_cnt
0x024E	0x01C1      	CLRF       FARG_delayInt_cnt+1
0x024F	0x2056      	CALL       _delayInt
;rfid_killer_lcd.h,66 :: 		LcdControlBus &= ~(1<<LCD_EN);
0x0250	0x1108      	BCF        PORTD, 2
;rfid_killer_lcd.h,68 :: 		delayInt(500);
0x0251	0x30F4      	MOVLW      244
0x0252	0x00C0      	MOVWF      FARG_delayInt_cnt
0x0253	0x3001      	MOVLW      1
0x0254	0x00C1      	MOVWF      FARG_delayInt_cnt+1
0x0255	0x2056      	CALL       _delayInt
;rfid_killer_lcd.h,70 :: 		LcdDataBus = ((cmd<<4) & 0xF0); //Send Lower nibble
0x0256	0x083D      	MOVF       FARG_Lcd_CmdWriteInt_cmd, 0
0x0257	0x00F0      	MOVWF      R0
0x0258	0x0DF0      	RLF        R0, 1
0x0259	0x1070      	BCF        R0, 0
0x025A	0x0DF0      	RLF        R0, 1
0x025B	0x1070      	BCF        R0, 0
0x025C	0x0DF0      	RLF        R0, 1
0x025D	0x1070      	BCF        R0, 0
0x025E	0x0DF0      	RLF        R0, 1
0x025F	0x1070      	BCF        R0, 0
0x0260	0x30F0      	MOVLW      240
0x0261	0x0570      	ANDWF      R0, 0
0x0262	0x0088      	MOVWF      PORTD
;rfid_killer_lcd.h,71 :: 		LcdControlBus &= ~(1<<LCD_RS);  // Send LOW pulse on RS pin for selecting Command register
0x0263	0x1008      	BCF        PORTD, 0
;rfid_killer_lcd.h,72 :: 		LcdControlBus &= ~(1<<LCD_RW);  // Send LOW pulse on RW pin for Write operation
0x0264	0x1088      	BCF        PORTD, 1
;rfid_killer_lcd.h,73 :: 		LcdControlBus |= (1<<LCD_EN);   // Generate a High-to-low pulse on EN pin
0x0265	0x1508      	BSF        PORTD, 2
;rfid_killer_lcd.h,74 :: 		delayInt(250);
0x0266	0x30FA      	MOVLW      250
0x0267	0x00C0      	MOVWF      FARG_delayInt_cnt
0x0268	0x01C1      	CLRF       FARG_delayInt_cnt+1
0x0269	0x2056      	CALL       _delayInt
;rfid_killer_lcd.h,75 :: 		LcdControlBus &= ~(1<<LCD_EN);
0x026A	0x1108      	BCF        PORTD, 2
;rfid_killer_lcd.h,77 :: 		delayInt(500);
0x026B	0x30F4      	MOVLW      244
0x026C	0x00C0      	MOVWF      FARG_delayInt_cnt
0x026D	0x3001      	MOVLW      1
0x026E	0x00C1      	MOVWF      FARG_delayInt_cnt+1
0x026F	0x2056      	CALL       _delayInt
;rfid_killer_lcd.h,78 :: 		}
L_end_Lcd_CmdWriteInt:
0x0270	0x0008      	RETURN
; end of _Lcd_CmdWriteInt
_Lcd_PrintInt:
;rfid_killer_lcd.h,140 :: 		void Lcd_PrintInt(char *msg)
;rfid_killer_lcd.h,143 :: 		for(i=0; msg[i] != 0; i++)
0x0271	0x1283      	BCF        STATUS, 5
0x0272	0x1303      	BCF        STATUS, 6
0x0273	0x01BE      	CLRF       Lcd_PrintInt_i_L0
L_Lcd_PrintInt9:
0x0274	0x083E      	MOVF       Lcd_PrintInt_i_L0, 0
0x0275	0x073D      	ADDWF      FARG_Lcd_PrintInt_msg, 0
0x0276	0x0084      	MOVWF      FSR
0x0277	0x0800      	MOVF       INDF, 0
0x0278	0x3A00      	XORLW      0
0x0279	0x1903      	BTFSC      STATUS, 2
0x027A	0x2A83      	GOTO       L_Lcd_PrintInt10
;rfid_killer_lcd.h,145 :: 		Lcd_DataWriteInt(msg[i]);
0x027B	0x083E      	MOVF       Lcd_PrintInt_i_L0, 0
0x027C	0x073D      	ADDWF      FARG_Lcd_PrintInt_msg, 0
0x027D	0x0084      	MOVWF      FSR
0x027E	0x0800      	MOVF       INDF, 0
0x027F	0x00BF      	MOVWF      FARG_Lcd_DataWriteInt_dat
0x0280	0x206E      	CALL       _Lcd_DataWriteInt
;rfid_killer_lcd.h,143 :: 		for(i=0; msg[i] != 0; i++)
0x0281	0x0ABE      	INCF       Lcd_PrintInt_i_L0, 1
;rfid_killer_lcd.h,146 :: 		}
0x0282	0x2A74      	GOTO       L_Lcd_PrintInt9
L_Lcd_PrintInt10:
;rfid_killer_lcd.h,148 :: 		}
L_end_Lcd_PrintInt:
0x0283	0x0008      	RETURN
; end of _Lcd_PrintInt
___CC2DW:
;__Lib_System.c,134 :: 		
;__Lib_System.c,137 :: 		
_CC2D_Loop1:
;__Lib_System.c,139 :: 		
0x0284	0x2067      	CALL       _____DoICP
0x0285	0x118A      	BCF        PCLATH, 3
0x0286	0x120A      	BCF        PCLATH, 4
;__Lib_System.c,141 :: 		
0x0287	0x0080      	MOVWF      INDF
;__Lib_System.c,142 :: 		
0x0288	0x0A84      	INCF       FSR, 1
;__Lib_System.c,143 :: 		
0x0289	0x0AB7      	INCF       ___DoICPAddr, 1
;__Lib_System.c,145 :: 		
0x028A	0x1903      	BTFSC      STATUS, 2
;__Lib_System.c,146 :: 		
0x028B	0x0AB8      	INCF       ___DoICPAddr+1, 1
;__Lib_System.c,147 :: 		
0x028C	0x03F0      	DECF       R0, 1
;__Lib_System.c,149 :: 		
0x028D	0x1D03      	BTFSS      STATUS, 2
;__Lib_System.c,150 :: 		
0x028E	0x2A84      	GOTO       _CC2D_Loop1
;__Lib_System.c,152 :: 		
L_end___CC2DW:
0x028F	0x0008      	RETURN
; end of ___CC2DW
_main:
0x0290	0x3030      	MOVLW      48
0x0291	0x1283      	BCF        STATUS, 5
0x0292	0x1303      	BCF        STATUS, 6
0x0293	0x00A5      	MOVWF      _ch
0x0294	0x3031      	MOVLW      49
0x0295	0x00A6      	MOVWF      38
0x0296	0x3032      	MOVLW      50
0x0297	0x00A7      	MOVWF      39
0x0298	0x3033      	MOVLW      51
0x0299	0x00A8      	MOVWF      40
0x029A	0x3034      	MOVLW      52
0x029B	0x00A9      	MOVWF      41
0x029C	0x3035      	MOVLW      53
0x029D	0x00AA      	MOVWF      42
0x029E	0x3036      	MOVLW      54
0x029F	0x00AB      	MOVWF      43
0x02A0	0x3037      	MOVLW      55
0x02A1	0x00AC      	MOVWF      44
0x02A2	0x3038      	MOVLW      56
0x02A3	0x00AD      	MOVWF      45
0x02A4	0x3039      	MOVLW      57
0x02A5	0x00AE      	MOVWF      46
0x02A6	0x3061      	MOVLW      97
0x02A7	0x00AF      	MOVWF      47
0x02A8	0x3062      	MOVLW      98
0x02A9	0x00B0      	MOVWF      48
0x02AA	0x3063      	MOVLW      99
0x02AB	0x00B1      	MOVWF      49
0x02AC	0x3064      	MOVLW      100
0x02AD	0x00B2      	MOVWF      50
0x02AE	0x3065      	MOVLW      101
0x02AF	0x00B3      	MOVWF      51
0x02B0	0x3066      	MOVLW      102
0x02B1	0x00B4      	MOVWF      52
0x02B2	0x01B5      	CLRF       53
0x02B3	0x01B6      	CLRF       _i
;USART_Rx.c,64 :: 		int main()
;USART_Rx.c,66 :: 		TRISE = 0x00;
0x02B4	0x1683      	BSF        STATUS, 5
0x02B5	0x0189      	CLRF       TRISE
;USART_Rx.c,67 :: 		PORTE = 0x00;
0x02B6	0x1283      	BCF        STATUS, 5
0x02B7	0x0189      	CLRF       PORTE
;USART_Rx.c,68 :: 		UART_Init(9600);          //Initialize the UART module with 9600 baud rate
0x02B8	0x3080      	MOVLW      128
0x02B9	0x00BB      	MOVWF      FARG_UART_Init_baudRate
0x02BA	0x3025      	MOVLW      37
0x02BB	0x00BC      	MOVWF      FARG_UART_Init_baudRate+1
0x02BC	0x2213      	CALL       _UART_Init
;USART_Rx.c,70 :: 		while(1){asm{sleep};}
L_main17:
0x02BD	0x0063      	SLEEP
0x02BE	0x2ABD      	GOTO       L_main17
;USART_Rx.c,71 :: 		}
L_end_main:
0x02BF	0x2ABF      	GOTO       $+0
; end of _main
Symbol List:
//** Routines locations **
//ADDRESS    SIZE    PROCEDURE
//----------------------------------------------
0x0004      [82]    _interrupt
0x0056      [17]    _delayInt
0x0067       [7]    _____DoICP
0x006E      [45]    _Lcd_DataWriteInt
0x009B     [376]    _Div_32x32_U
0x0213      [49]    _UART_Init
0x0244      [45]    _Lcd_CmdWriteInt
0x0271      [19]    _Lcd_PrintInt
0x0284      [12]    ___CC2DW
0x0290      [48]    _main
//** Variables locations ** 
//ADDRESS    SIZE    VARIABLE
//----------------------------------------------
0x0000       [1]    INDF
0x0002       [1]    PCL
0x0003       [1]    STATUS
0x0004       [1]    FSR
0x0008       [1]    PORTD
0x0009       [1]    PORTE
0x000A       [1]    PCLATH
0x000B       [1]    INTCON
0x000C       [1]    PIR1
0x0018       [1]    RCSTA
0x001A       [1]    RCREG
0x0020       [1]    ___math_tempb
0x0025      [17]    _ch
0x0036       [1]    _i
0x0037       [2]    ___DoICPAddr
0x0039       [1]    ___savePCLATH
0x003A       [1]    ___saveSTATUS
0x003B       [2]    FARG_UART_Init_baudRate
0x003D       [1]    FARG_Lcd_CmdWriteInt_cmd
0x003D       [1]    FARG_Lcd_PrintInt_msg
0x003E       [1]    Lcd_PrintInt_i_L0
0x003F       [1]    FARG_Lcd_DataWriteInt_dat
0x0040       [2]    FARG_delayInt_cnt
0x0070       [1]    R0
0x0071       [1]    R1
0x0072       [1]    R2
0x0073       [1]    R3
0x0074       [1]    R4
0x0075       [1]    R5
0x0076       [1]    R6
0x0077       [1]    R7
0x0078       [1]    R8
0x0079       [1]    R9
0x007A       [1]    R10
0x007B       [1]    R11
0x007C       [1]    R12
0x007D       [1]    R13
0x007E       [1]    R14
0x007F       [1]    R15
0x0087       [1]    TRISC
0x0088       [1]    TRISD
0x0089       [1]    TRISE
0x008C       [1]    PIE1
0x0098       [1]    TXSTA
0x0099       [1]    SPBRG
