;  LST file generated by mikroListExporter - v.2.0 
; Date/Time: 2022-12-30 10:40:31 AM
;----------------------------------------------

;Address Opcode 	ASM
0x0000	0x29E0      	GOTO       480
_UART_TxChar:
;USART_Tx.c,15 :: 		void UART_TxChar(char ch)
;USART_Tx.c,17 :: 		while(TXIF & 0x10);  //Test for TXIF, Wait till the transmitter register becomes empty
L_UART_TxChar1:
;USART_Tx.c,18 :: 		PIR1 = PIR1 & 0xEF;  // Clear transmitter flag
0x0003	0x30EF      	MOVLW      239
0x0004	0x1283      	BCF        STATUS, 5
0x0005	0x1303      	BCF        STATUS, 6
0x0006	0x058C      	ANDWF      PIR1, 1
;USART_Tx.c,19 :: 		TXREG=ch;            // load the char to be transmitted into transmit reg
0x0007	0x0836      	MOVF       FARG_UART_TxChar_ch, 0
0x0008	0x0099      	MOVWF      TXREG
;USART_Tx.c,20 :: 		}
L_end_UART_TxChar:
0x0009	0x0008      	RETURN
; end of _UART_TxChar
_____DoICP:
;__Lib_System.c,6 :: 		
;__Lib_System.c,9 :: 		
0x000A	0x1283      	BCF        STATUS, 5
0x000B	0x1303      	BCF        STATUS, 6
0x000C	0x0833      	MOVF       ___DoICPAddr+1, 0
0x000D	0x008A      	MOVWF      PCLATH
;__Lib_System.c,10 :: 		
0x000E	0x0832      	MOVF       ___DoICPAddr, 0
0x000F	0x0082      	MOVWF      PCL
;__Lib_System.c,12 :: 		
L_end_____DoICP:
0x0010	0x0008      	RETURN
; end of _____DoICP
_Div_32x32_U:
;__Lib_Math.c,1318 :: 		
;__Lib_Math.c,1327 :: 		
;__Lib_Math.c,1329 :: 		
0x0011	0x1283      	BCF        STATUS, 5
;__Lib_Math.c,1330 :: 		
0x0012	0x1303      	BCF        STATUS, 6
;__Lib_Math.c,1331 :: 		
0x0013	0x01FB      	CLRF       R11
;__Lib_Math.c,1332 :: 		
0x0014	0x01FA      	CLRF       R10
;__Lib_Math.c,1333 :: 		
0x0015	0x01F9      	CLRF       R9
;__Lib_Math.c,1334 :: 		
0x0016	0x01F8      	CLRF       R8
;__Lib_Math.c,1336 :: 		
0x0017	0x01A0      	CLRF       ___math_tempb
;__Lib_Math.c,1338 :: 		
0x0018	0x0D73      	RLF        R3, 0
;__Lib_Math.c,1339 :: 		
0x0019	0x0DF8      	RLF        R8, 1
;__Lib_Math.c,1340 :: 		
0x001A	0x0874      	MOVF       R4, 0
;__Lib_Math.c,1341 :: 		
0x001B	0x02F8      	SUBWF      R8, 1
;__Lib_Math.c,1342 :: 		
0x001C	0x0875      	MOVF       R5, 0
;__Lib_Math.c,1343 :: 		
0x001D	0x1C03      	BTFSS      STATUS, 0
;__Lib_Math.c,1344 :: 		
0x001E	0x0F75      	INCFSZ     R5, 0
;__Lib_Math.c,1345 :: 		
0x001F	0x02F9      	SUBWF      R9, 1
;__Lib_Math.c,1346 :: 		
0x0020	0x0876      	MOVF       R6, 0
;__Lib_Math.c,1347 :: 		
0x0021	0x1C03      	BTFSS      STATUS, 0
;__Lib_Math.c,1348 :: 		
0x0022	0x0F76      	INCFSZ     R6, 0
;__Lib_Math.c,1349 :: 		
0x0023	0x02FA      	SUBWF      R10, 1
;__Lib_Math.c,1350 :: 		
0x0024	0x0877      	MOVF       R7, 0
;__Lib_Math.c,1351 :: 		
0x0025	0x1C03      	BTFSS      STATUS, 0
;__Lib_Math.c,1352 :: 		
0x0026	0x0F77      	INCFSZ     R7, 0
;__Lib_Math.c,1353 :: 		
0x0027	0x02FB      	SUBWF      R11, 1
;__Lib_Math.c,1355 :: 		
0x0028	0x0100      	CLRW
;__Lib_Math.c,1356 :: 		
0x0029	0x1C03      	BTFSS      STATUS, 0
;__Lib_Math.c,1357 :: 		
0x002A	0x3001      	MOVLW      1
;__Lib_Math.c,1358 :: 		
0x002B	0x02A0      	SUBWF      ___math_tempb, 1
;__Lib_Math.c,1359 :: 		
0x002C	0x0DF3      	RLF        R3, 1
;__Lib_Math.c,1361 :: 		
0x002D	0x3007      	MOVLW      7
;__Lib_Math.c,1362 :: 		
0x002E	0x00FC      	MOVWF      R12
;__Lib_Math.c,1364 :: 		
LOOPU3232A:
;__Lib_Math.c,1365 :: 		
0x002F	0x0D73      	RLF        R3, 0
;__Lib_Math.c,1366 :: 		
0x0030	0x0DF8      	RLF        R8, 1
;__Lib_Math.c,1367 :: 		
0x0031	0x0DF9      	RLF        R9, 1
;__Lib_Math.c,1368 :: 		
0x0032	0x0DFA      	RLF        R10, 1
;__Lib_Math.c,1369 :: 		
0x0033	0x0DFB      	RLF        R11, 1
;__Lib_Math.c,1370 :: 		
0x0034	0x0DA0      	RLF        ___math_tempb, 1
;__Lib_Math.c,1371 :: 		
0x0035	0x0874      	MOVF       R4, 0
;__Lib_Math.c,1372 :: 		
0x0036	0x1C73      	BTFSS      R3, 0
;__Lib_Math.c,1373 :: 		
0x0037	0x284A      	GOTO       UADD22LA
;__Lib_Math.c,1375 :: 		
0x0038	0x02F8      	SUBWF      R8, 1
;__Lib_Math.c,1376 :: 		
0x0039	0x0875      	MOVF       R5, 0
;__Lib_Math.c,1377 :: 		
0x003A	0x1C03      	BTFSS      STATUS, 0
;__Lib_Math.c,1378 :: 		
0x003B	0x0F75      	INCFSZ     R5, 0
;__Lib_Math.c,1379 :: 		
0x003C	0x02F9      	SUBWF      R9, 1
;__Lib_Math.c,1380 :: 		
0x003D	0x0876      	MOVF       R6, 0
;__Lib_Math.c,1381 :: 		
0x003E	0x1C03      	BTFSS      STATUS, 0
;__Lib_Math.c,1382 :: 		
0x003F	0x0F76      	INCFSZ     R6, 0
;__Lib_Math.c,1383 :: 		
0x0040	0x02FA      	SUBWF      R10, 1
;__Lib_Math.c,1384 :: 		
0x0041	0x0877      	MOVF       R7, 0
;__Lib_Math.c,1385 :: 		
0x0042	0x1C03      	BTFSS      STATUS, 0
;__Lib_Math.c,1386 :: 		
0x0043	0x0F77      	INCFSZ     R7, 0
;__Lib_Math.c,1387 :: 		
0x0044	0x02FB      	SUBWF      R11, 1
;__Lib_Math.c,1388 :: 		
0x0045	0x0100      	CLRW
;__Lib_Math.c,1389 :: 		
0x0046	0x1C03      	BTFSS      STATUS, 0
;__Lib_Math.c,1390 :: 		
0x0047	0x3001      	MOVLW      1
;__Lib_Math.c,1391 :: 		
0x0048	0x02A0      	SUBWF      ___math_tempb, 1
;__Lib_Math.c,1392 :: 		
0x0049	0x285B      	GOTO       UOK22LA
;__Lib_Math.c,1394 :: 		
UADD22LA:
;__Lib_Math.c,1395 :: 		
0x004A	0x07F8      	ADDWF      R8, 1
;__Lib_Math.c,1396 :: 		
0x004B	0x0875      	MOVF       R5, 0
;__Lib_Math.c,1397 :: 		
0x004C	0x1803      	BTFSC      STATUS, 0
;__Lib_Math.c,1398 :: 		
0x004D	0x0F75      	INCFSZ     R5, 0
;__Lib_Math.c,1399 :: 		
0x004E	0x07F9      	ADDWF      R9, 1
;__Lib_Math.c,1400 :: 		
0x004F	0x0876      	MOVF       R6, 0
;__Lib_Math.c,1401 :: 		
0x0050	0x1803      	BTFSC      STATUS, 0
;__Lib_Math.c,1402 :: 		
0x0051	0x0F76      	INCFSZ     R6, 0
;__Lib_Math.c,1403 :: 		
0x0052	0x07FA      	ADDWF      R10, 1
;__Lib_Math.c,1404 :: 		
0x0053	0x0877      	MOVF       R7, 0
;__Lib_Math.c,1405 :: 		
0x0054	0x1803      	BTFSC      STATUS, 0
;__Lib_Math.c,1406 :: 		
0x0055	0x0F77      	INCFSZ     R7, 0
;__Lib_Math.c,1407 :: 		
0x0056	0x07FB      	ADDWF      R11, 1
;__Lib_Math.c,1408 :: 		
0x0057	0x0100      	CLRW
;__Lib_Math.c,1409 :: 		
0x0058	0x1803      	BTFSC      STATUS, 0
;__Lib_Math.c,1410 :: 		
0x0059	0x3001      	MOVLW      1
;__Lib_Math.c,1411 :: 		
0x005A	0x07A0      	ADDWF      ___math_tempb, 1
;__Lib_Math.c,1413 :: 		
UOK22LA:
;__Lib_Math.c,1414 :: 		
0x005B	0x0DF3      	RLF        R3, 1
;__Lib_Math.c,1416 :: 		
0x005C	0x0BFC      	DECFSZ     R12, 1
;__Lib_Math.c,1417 :: 		
0x005D	0x282F      	GOTO       LOOPU3232A
;__Lib_Math.c,1419 :: 		
0x005E	0x0D72      	RLF        R2, 0
;__Lib_Math.c,1420 :: 		
0x005F	0x0DF8      	RLF        R8, 1
;__Lib_Math.c,1421 :: 		
0x0060	0x0DF9      	RLF        R9, 1
;__Lib_Math.c,1422 :: 		
0x0061	0x0DFA      	RLF        R10, 1
;__Lib_Math.c,1423 :: 		
0x0062	0x0DFB      	RLF        R11, 1
;__Lib_Math.c,1424 :: 		
0x0063	0x0DA0      	RLF        ___math_tempb, 1
;__Lib_Math.c,1425 :: 		
0x0064	0x0874      	MOVF       R4, 0
;__Lib_Math.c,1426 :: 		
0x0065	0x1C73      	BTFSS      R3, 0
;__Lib_Math.c,1427 :: 		
0x0066	0x2879      	GOTO       UADD22L8
;__Lib_Math.c,1429 :: 		
0x0067	0x02F8      	SUBWF      R8, 1
;__Lib_Math.c,1430 :: 		
0x0068	0x0875      	MOVF       R5, 0
;__Lib_Math.c,1431 :: 		
0x0069	0x1C03      	BTFSS      STATUS, 0
;__Lib_Math.c,1432 :: 		
0x006A	0x0F75      	INCFSZ     R5, 0
;__Lib_Math.c,1433 :: 		
0x006B	0x02F9      	SUBWF      R9, 1
;__Lib_Math.c,1434 :: 		
0x006C	0x0876      	MOVF       R6, 0
;__Lib_Math.c,1435 :: 		
0x006D	0x1C03      	BTFSS      STATUS, 0
;__Lib_Math.c,1436 :: 		
0x006E	0x0F76      	INCFSZ     R6, 0
;__Lib_Math.c,1437 :: 		
0x006F	0x02FA      	SUBWF      R10, 1
;__Lib_Math.c,1438 :: 		
0x0070	0x0877      	MOVF       R7, 0
;__Lib_Math.c,1439 :: 		
0x0071	0x1C03      	BTFSS      STATUS, 0
;__Lib_Math.c,1440 :: 		
0x0072	0x0F77      	INCFSZ     R7, 0
;__Lib_Math.c,1441 :: 		
0x0073	0x02FB      	SUBWF      R11, 1
;__Lib_Math.c,1442 :: 		
0x0074	0x0100      	CLRW
;__Lib_Math.c,1443 :: 		
0x0075	0x1C03      	BTFSS      STATUS, 0
;__Lib_Math.c,1444 :: 		
0x0076	0x3001      	MOVLW      1
;__Lib_Math.c,1445 :: 		
0x0077	0x02A0      	SUBWF      ___math_tempb, 1
;__Lib_Math.c,1446 :: 		
0x0078	0x288A      	GOTO       UOK22L8
;__Lib_Math.c,1448 :: 		
UADD22L8:
;__Lib_Math.c,1449 :: 		
0x0079	0x07F8      	ADDWF      R8, 1
;__Lib_Math.c,1450 :: 		
0x007A	0x0875      	MOVF       R5, 0
;__Lib_Math.c,1451 :: 		
0x007B	0x1803      	BTFSC      STATUS, 0
;__Lib_Math.c,1452 :: 		
0x007C	0x0F75      	INCFSZ     R5, 0
;__Lib_Math.c,1453 :: 		
0x007D	0x07F9      	ADDWF      R9, 1
;__Lib_Math.c,1454 :: 		
0x007E	0x0876      	MOVF       R6, 0
;__Lib_Math.c,1455 :: 		
0x007F	0x1803      	BTFSC      STATUS, 0
;__Lib_Math.c,1456 :: 		
0x0080	0x0F76      	INCFSZ     R6, 0
;__Lib_Math.c,1457 :: 		
0x0081	0x07FA      	ADDWF      R10, 1
;__Lib_Math.c,1458 :: 		
0x0082	0x0877      	MOVF       R7, 0
;__Lib_Math.c,1459 :: 		
0x0083	0x1803      	BTFSC      STATUS, 0
;__Lib_Math.c,1460 :: 		
0x0084	0x0F77      	INCFSZ     R7, 0
;__Lib_Math.c,1461 :: 		
0x0085	0x07FB      	ADDWF      R11, 1
;__Lib_Math.c,1462 :: 		
0x0086	0x0100      	CLRW
;__Lib_Math.c,1463 :: 		
0x0087	0x1803      	BTFSC      STATUS, 0
;__Lib_Math.c,1464 :: 		
0x0088	0x3001      	MOVLW      1
;__Lib_Math.c,1465 :: 		
0x0089	0x07A0      	ADDWF      ___math_tempb, 1
;__Lib_Math.c,1467 :: 		
UOK22L8:
;__Lib_Math.c,1468 :: 		
0x008A	0x0DF2      	RLF        R2, 1
;__Lib_Math.c,1470 :: 		
0x008B	0x3007      	MOVLW      7
;__Lib_Math.c,1471 :: 		
0x008C	0x00FC      	MOVWF      R12
;__Lib_Math.c,1473 :: 		
LOOPU3232B:
;__Lib_Math.c,1474 :: 		
0x008D	0x0D72      	RLF        R2, 0
;__Lib_Math.c,1475 :: 		
0x008E	0x0DF8      	RLF        R8, 1
;__Lib_Math.c,1476 :: 		
0x008F	0x0DF9      	RLF        R9, 1
;__Lib_Math.c,1477 :: 		
0x0090	0x0DFA      	RLF        R10, 1
;__Lib_Math.c,1478 :: 		
0x0091	0x0DFB      	RLF        R11, 1
;__Lib_Math.c,1479 :: 		
0x0092	0x0DA0      	RLF        ___math_tempb, 1
;__Lib_Math.c,1480 :: 		
0x0093	0x0874      	MOVF       R4, 0
;__Lib_Math.c,1481 :: 		
0x0094	0x1C72      	BTFSS      R2, 0
;__Lib_Math.c,1482 :: 		
0x0095	0x28A8      	GOTO       UADD22LB
;__Lib_Math.c,1484 :: 		
0x0096	0x02F8      	SUBWF      R8, 1
;__Lib_Math.c,1485 :: 		
0x0097	0x0875      	MOVF       R5, 0
;__Lib_Math.c,1486 :: 		
0x0098	0x1C03      	BTFSS      STATUS, 0
;__Lib_Math.c,1487 :: 		
0x0099	0x0F75      	INCFSZ     R5, 0
;__Lib_Math.c,1488 :: 		
0x009A	0x02F9      	SUBWF      R9, 1
;__Lib_Math.c,1489 :: 		
0x009B	0x0876      	MOVF       R6, 0
;__Lib_Math.c,1490 :: 		
0x009C	0x1C03      	BTFSS      STATUS, 0
;__Lib_Math.c,1491 :: 		
0x009D	0x0F76      	INCFSZ     R6, 0
;__Lib_Math.c,1492 :: 		
0x009E	0x02FA      	SUBWF      R10, 1
;__Lib_Math.c,1493 :: 		
0x009F	0x0877      	MOVF       R7, 0
;__Lib_Math.c,1494 :: 		
0x00A0	0x1C03      	BTFSS      STATUS, 0
;__Lib_Math.c,1495 :: 		
0x00A1	0x0F77      	INCFSZ     R7, 0
;__Lib_Math.c,1496 :: 		
0x00A2	0x02FB      	SUBWF      R11, 1
;__Lib_Math.c,1497 :: 		
0x00A3	0x0100      	CLRW
;__Lib_Math.c,1498 :: 		
0x00A4	0x1C03      	BTFSS      STATUS, 0
;__Lib_Math.c,1499 :: 		
0x00A5	0x3001      	MOVLW      1
;__Lib_Math.c,1500 :: 		
0x00A6	0x02A0      	SUBWF      ___math_tempb, 1
;__Lib_Math.c,1501 :: 		
0x00A7	0x28B9      	GOTO       UOK22LB
;__Lib_Math.c,1503 :: 		
UADD22LB:
;__Lib_Math.c,1504 :: 		
0x00A8	0x07F8      	ADDWF      R8, 1
;__Lib_Math.c,1505 :: 		
0x00A9	0x0875      	MOVF       R5, 0
;__Lib_Math.c,1506 :: 		
0x00AA	0x1803      	BTFSC      STATUS, 0
;__Lib_Math.c,1507 :: 		
0x00AB	0x0F75      	INCFSZ     R5, 0
;__Lib_Math.c,1508 :: 		
0x00AC	0x07F9      	ADDWF      R9, 1
;__Lib_Math.c,1509 :: 		
0x00AD	0x0876      	MOVF       R6, 0
;__Lib_Math.c,1510 :: 		
0x00AE	0x1803      	BTFSC      STATUS, 0
;__Lib_Math.c,1511 :: 		
0x00AF	0x0F76      	INCFSZ     R6, 0
;__Lib_Math.c,1512 :: 		
0x00B0	0x07FA      	ADDWF      R10, 1
;__Lib_Math.c,1513 :: 		
0x00B1	0x0877      	MOVF       R7, 0
;__Lib_Math.c,1514 :: 		
0x00B2	0x1803      	BTFSC      STATUS, 0
;__Lib_Math.c,1515 :: 		
0x00B3	0x0F77      	INCFSZ     R7, 0
;__Lib_Math.c,1516 :: 		
0x00B4	0x07FB      	ADDWF      R11, 1
;__Lib_Math.c,1517 :: 		
0x00B5	0x0100      	CLRW
;__Lib_Math.c,1518 :: 		
0x00B6	0x1803      	BTFSC      STATUS, 0
;__Lib_Math.c,1519 :: 		
0x00B7	0x3001      	MOVLW      1
;__Lib_Math.c,1520 :: 		
0x00B8	0x07A0      	ADDWF      ___math_tempb, 1
;__Lib_Math.c,1522 :: 		
UOK22LB:
;__Lib_Math.c,1523 :: 		
0x00B9	0x0DF2      	RLF        R2, 1
;__Lib_Math.c,1525 :: 		
0x00BA	0x0BFC      	DECFSZ     R12, 1
;__Lib_Math.c,1526 :: 		
0x00BB	0x288D      	GOTO       LOOPU3232B
;__Lib_Math.c,1528 :: 		
0x00BC	0x0D71      	RLF        R1, 0
;__Lib_Math.c,1529 :: 		
0x00BD	0x0DF8      	RLF        R8, 1
;__Lib_Math.c,1530 :: 		
0x00BE	0x0DF9      	RLF        R9, 1
;__Lib_Math.c,1531 :: 		
0x00BF	0x0DFA      	RLF        R10, 1
;__Lib_Math.c,1532 :: 		
0x00C0	0x0DFB      	RLF        R11, 1
;__Lib_Math.c,1533 :: 		
0x00C1	0x0DA0      	RLF        ___math_tempb, 1
;__Lib_Math.c,1534 :: 		
0x00C2	0x0874      	MOVF       R4, 0
;__Lib_Math.c,1535 :: 		
0x00C3	0x1C72      	BTFSS      R2, 0
;__Lib_Math.c,1536 :: 		
0x00C4	0x28D7      	GOTO       UADD22L16
;__Lib_Math.c,1538 :: 		
0x00C5	0x02F8      	SUBWF      R8, 1
;__Lib_Math.c,1539 :: 		
0x00C6	0x0875      	MOVF       R5, 0
;__Lib_Math.c,1540 :: 		
0x00C7	0x1C03      	BTFSS      STATUS, 0
;__Lib_Math.c,1541 :: 		
0x00C8	0x0F75      	INCFSZ     R5, 0
;__Lib_Math.c,1542 :: 		
0x00C9	0x02F9      	SUBWF      R9, 1
;__Lib_Math.c,1543 :: 		
0x00CA	0x0876      	MOVF       R6, 0
;__Lib_Math.c,1544 :: 		
0x00CB	0x1C03      	BTFSS      STATUS, 0
;__Lib_Math.c,1545 :: 		
0x00CC	0x0F76      	INCFSZ     R6, 0
;__Lib_Math.c,1546 :: 		
0x00CD	0x02FA      	SUBWF      R10, 1
;__Lib_Math.c,1547 :: 		
0x00CE	0x0877      	MOVF       R7, 0
;__Lib_Math.c,1548 :: 		
0x00CF	0x1C03      	BTFSS      STATUS, 0
;__Lib_Math.c,1549 :: 		
0x00D0	0x0F77      	INCFSZ     R7, 0
;__Lib_Math.c,1550 :: 		
0x00D1	0x02FB      	SUBWF      R11, 1
;__Lib_Math.c,1551 :: 		
0x00D2	0x0100      	CLRW
;__Lib_Math.c,1552 :: 		
0x00D3	0x1C03      	BTFSS      STATUS, 0
;__Lib_Math.c,1553 :: 		
0x00D4	0x3001      	MOVLW      1
;__Lib_Math.c,1554 :: 		
0x00D5	0x02A0      	SUBWF      ___math_tempb, 1
;__Lib_Math.c,1555 :: 		
0x00D6	0x28E8      	GOTO       UOK22L16
;__Lib_Math.c,1557 :: 		
UADD22L16:
;__Lib_Math.c,1558 :: 		
0x00D7	0x07F8      	ADDWF      R8, 1
;__Lib_Math.c,1559 :: 		
0x00D8	0x0875      	MOVF       R5, 0
;__Lib_Math.c,1560 :: 		
0x00D9	0x1803      	BTFSC      STATUS, 0
;__Lib_Math.c,1561 :: 		
0x00DA	0x0F75      	INCFSZ     R5, 0
;__Lib_Math.c,1562 :: 		
0x00DB	0x07F9      	ADDWF      R9, 1
;__Lib_Math.c,1563 :: 		
0x00DC	0x0876      	MOVF       R6, 0
;__Lib_Math.c,1564 :: 		
0x00DD	0x1803      	BTFSC      STATUS, 0
;__Lib_Math.c,1565 :: 		
0x00DE	0x0F76      	INCFSZ     R6, 0
;__Lib_Math.c,1566 :: 		
0x00DF	0x07FA      	ADDWF      R10, 1
;__Lib_Math.c,1567 :: 		
0x00E0	0x0877      	MOVF       R7, 0
;__Lib_Math.c,1568 :: 		
0x00E1	0x1803      	BTFSC      STATUS, 0
;__Lib_Math.c,1569 :: 		
0x00E2	0x0F77      	INCFSZ     R7, 0
;__Lib_Math.c,1570 :: 		
0x00E3	0x07FB      	ADDWF      R11, 1
;__Lib_Math.c,1571 :: 		
0x00E4	0x0100      	CLRW
;__Lib_Math.c,1572 :: 		
0x00E5	0x1803      	BTFSC      STATUS, 0
;__Lib_Math.c,1573 :: 		
0x00E6	0x3001      	MOVLW      1
;__Lib_Math.c,1574 :: 		
0x00E7	0x07A0      	ADDWF      ___math_tempb, 1
;__Lib_Math.c,1576 :: 		
UOK22L16:
;__Lib_Math.c,1577 :: 		
0x00E8	0x0DF1      	RLF        R1, 1
;__Lib_Math.c,1579 :: 		
0x00E9	0x3007      	MOVLW      7
;__Lib_Math.c,1580 :: 		
0x00EA	0x00FC      	MOVWF      R12
;__Lib_Math.c,1582 :: 		
LOOPU3232C:
;__Lib_Math.c,1583 :: 		
0x00EB	0x0D71      	RLF        R1, 0
;__Lib_Math.c,1584 :: 		
0x00EC	0x0DF8      	RLF        R8, 1
;__Lib_Math.c,1585 :: 		
0x00ED	0x0DF9      	RLF        R9, 1
;__Lib_Math.c,1586 :: 		
0x00EE	0x0DFA      	RLF        R10, 1
;__Lib_Math.c,1587 :: 		
0x00EF	0x0DFB      	RLF        R11, 1
;__Lib_Math.c,1588 :: 		
0x00F0	0x0DA0      	RLF        ___math_tempb, 1
;__Lib_Math.c,1589 :: 		
0x00F1	0x0874      	MOVF       R4, 0
;__Lib_Math.c,1590 :: 		
0x00F2	0x1C71      	BTFSS      R1, 0
;__Lib_Math.c,1591 :: 		
0x00F3	0x2906      	GOTO       UADD22LC
;__Lib_Math.c,1593 :: 		
0x00F4	0x02F8      	SUBWF      R8, 1
;__Lib_Math.c,1594 :: 		
0x00F5	0x0875      	MOVF       R5, 0
;__Lib_Math.c,1595 :: 		
0x00F6	0x1C03      	BTFSS      STATUS, 0
;__Lib_Math.c,1596 :: 		
0x00F7	0x0F75      	INCFSZ     R5, 0
;__Lib_Math.c,1597 :: 		
0x00F8	0x02F9      	SUBWF      R9, 1
;__Lib_Math.c,1598 :: 		
0x00F9	0x0876      	MOVF       R6, 0
;__Lib_Math.c,1599 :: 		
0x00FA	0x1C03      	BTFSS      STATUS, 0
;__Lib_Math.c,1600 :: 		
0x00FB	0x0F76      	INCFSZ     R6, 0
;__Lib_Math.c,1601 :: 		
0x00FC	0x02FA      	SUBWF      R10, 1
;__Lib_Math.c,1602 :: 		
0x00FD	0x0877      	MOVF       R7, 0
;__Lib_Math.c,1603 :: 		
0x00FE	0x1C03      	BTFSS      STATUS, 0
;__Lib_Math.c,1604 :: 		
0x00FF	0x0F77      	INCFSZ     R7, 0
;__Lib_Math.c,1605 :: 		
0x0100	0x02FB      	SUBWF      R11, 1
;__Lib_Math.c,1606 :: 		
0x0101	0x0100      	CLRW
;__Lib_Math.c,1607 :: 		
0x0102	0x1C03      	BTFSS      STATUS, 0
;__Lib_Math.c,1608 :: 		
0x0103	0x3001      	MOVLW      1
;__Lib_Math.c,1609 :: 		
0x0104	0x02A0      	SUBWF      ___math_tempb, 1
;__Lib_Math.c,1610 :: 		
0x0105	0x2917      	GOTO       UOK22LC
;__Lib_Math.c,1612 :: 		
UADD22LC:
;__Lib_Math.c,1613 :: 		
0x0106	0x07F8      	ADDWF      R8, 1
;__Lib_Math.c,1614 :: 		
0x0107	0x0875      	MOVF       R5, 0
;__Lib_Math.c,1615 :: 		
0x0108	0x1803      	BTFSC      STATUS, 0
;__Lib_Math.c,1616 :: 		
0x0109	0x0F75      	INCFSZ     R5, 0
;__Lib_Math.c,1617 :: 		
0x010A	0x07F9      	ADDWF      R9, 1
;__Lib_Math.c,1618 :: 		
0x010B	0x0876      	MOVF       R6, 0
;__Lib_Math.c,1619 :: 		
0x010C	0x1803      	BTFSC      STATUS, 0
;__Lib_Math.c,1620 :: 		
0x010D	0x0F76      	INCFSZ     R6, 0
;__Lib_Math.c,1621 :: 		
0x010E	0x07FA      	ADDWF      R10, 1
;__Lib_Math.c,1622 :: 		
0x010F	0x0877      	MOVF       R7, 0
;__Lib_Math.c,1623 :: 		
0x0110	0x1803      	BTFSC      STATUS, 0
;__Lib_Math.c,1624 :: 		
0x0111	0x0F77      	INCFSZ     R7, 0
;__Lib_Math.c,1625 :: 		
0x0112	0x07FB      	ADDWF      R11, 1
;__Lib_Math.c,1626 :: 		
0x0113	0x0100      	CLRW
;__Lib_Math.c,1627 :: 		
0x0114	0x1803      	BTFSC      STATUS, 0
;__Lib_Math.c,1628 :: 		
0x0115	0x3001      	MOVLW      1
;__Lib_Math.c,1629 :: 		
0x0116	0x07A0      	ADDWF      ___math_tempb, 1
;__Lib_Math.c,1631 :: 		
UOK22LC:
;__Lib_Math.c,1632 :: 		
0x0117	0x0DF1      	RLF        R1, 1
;__Lib_Math.c,1634 :: 		
0x0118	0x0BFC      	DECFSZ     R12, 1
;__Lib_Math.c,1635 :: 		
0x0119	0x28EB      	GOTO       LOOPU3232C
;__Lib_Math.c,1637 :: 		
0x011A	0x0D70      	RLF        R0, 0
;__Lib_Math.c,1638 :: 		
0x011B	0x0DF8      	RLF        R8, 1
;__Lib_Math.c,1639 :: 		
0x011C	0x0DF9      	RLF        R9, 1
;__Lib_Math.c,1640 :: 		
0x011D	0x0DFA      	RLF        R10, 1
;__Lib_Math.c,1641 :: 		
0x011E	0x0DFB      	RLF        R11, 1
;__Lib_Math.c,1642 :: 		
0x011F	0x0DA0      	RLF        ___math_tempb, 1
;__Lib_Math.c,1643 :: 		
0x0120	0x0874      	MOVF       R4, 0
;__Lib_Math.c,1644 :: 		
0x0121	0x1C71      	BTFSS      R1, 0
;__Lib_Math.c,1645 :: 		
0x0122	0x2935      	GOTO       UADD22L24
;__Lib_Math.c,1647 :: 		
0x0123	0x02F8      	SUBWF      R8, 1
;__Lib_Math.c,1648 :: 		
0x0124	0x0875      	MOVF       R5, 0
;__Lib_Math.c,1649 :: 		
0x0125	0x1C03      	BTFSS      STATUS, 0
;__Lib_Math.c,1650 :: 		
0x0126	0x0F75      	INCFSZ     R5, 0
;__Lib_Math.c,1651 :: 		
0x0127	0x02F9      	SUBWF      R9, 1
;__Lib_Math.c,1652 :: 		
0x0128	0x0876      	MOVF       R6, 0
;__Lib_Math.c,1653 :: 		
0x0129	0x1C03      	BTFSS      STATUS, 0
;__Lib_Math.c,1654 :: 		
0x012A	0x0F76      	INCFSZ     R6, 0
;__Lib_Math.c,1655 :: 		
0x012B	0x02FA      	SUBWF      R10, 1
;__Lib_Math.c,1656 :: 		
0x012C	0x0877      	MOVF       R7, 0
;__Lib_Math.c,1657 :: 		
0x012D	0x1C03      	BTFSS      STATUS, 0
;__Lib_Math.c,1658 :: 		
0x012E	0x0F77      	INCFSZ     R7, 0
;__Lib_Math.c,1659 :: 		
0x012F	0x02FB      	SUBWF      R11, 1
;__Lib_Math.c,1660 :: 		
0x0130	0x0100      	CLRW
;__Lib_Math.c,1661 :: 		
0x0131	0x1C03      	BTFSS      STATUS, 0
;__Lib_Math.c,1662 :: 		
0x0132	0x3001      	MOVLW      1
;__Lib_Math.c,1663 :: 		
0x0133	0x02A0      	SUBWF      ___math_tempb, 1
;__Lib_Math.c,1664 :: 		
0x0134	0x2946      	GOTO       UOK22L24
;__Lib_Math.c,1666 :: 		
UADD22L24:
;__Lib_Math.c,1667 :: 		
0x0135	0x07F8      	ADDWF      R8, 1
;__Lib_Math.c,1668 :: 		
0x0136	0x0875      	MOVF       R5, 0
;__Lib_Math.c,1669 :: 		
0x0137	0x1803      	BTFSC      STATUS, 0
;__Lib_Math.c,1670 :: 		
0x0138	0x0F75      	INCFSZ     R5, 0
;__Lib_Math.c,1671 :: 		
0x0139	0x07F9      	ADDWF      R9, 1
;__Lib_Math.c,1672 :: 		
0x013A	0x0876      	MOVF       R6, 0
;__Lib_Math.c,1673 :: 		
0x013B	0x1803      	BTFSC      STATUS, 0
;__Lib_Math.c,1674 :: 		
0x013C	0x0F76      	INCFSZ     R6, 0
;__Lib_Math.c,1675 :: 		
0x013D	0x07FA      	ADDWF      R10, 1
;__Lib_Math.c,1676 :: 		
0x013E	0x0877      	MOVF       R7, 0
;__Lib_Math.c,1677 :: 		
0x013F	0x1803      	BTFSC      STATUS, 0
;__Lib_Math.c,1678 :: 		
0x0140	0x0F77      	INCFSZ     R7, 0
;__Lib_Math.c,1679 :: 		
0x0141	0x07FB      	ADDWF      R11, 1
;__Lib_Math.c,1680 :: 		
0x0142	0x0100      	CLRW
;__Lib_Math.c,1681 :: 		
0x0143	0x1803      	BTFSC      STATUS, 0
;__Lib_Math.c,1682 :: 		
0x0144	0x3001      	MOVLW      1
;__Lib_Math.c,1683 :: 		
0x0145	0x07A0      	ADDWF      ___math_tempb, 1
;__Lib_Math.c,1685 :: 		
UOK22L24:
;__Lib_Math.c,1686 :: 		
0x0146	0x0DF0      	RLF        R0, 1
;__Lib_Math.c,1688 :: 		
0x0147	0x3007      	MOVLW      7
;__Lib_Math.c,1689 :: 		
0x0148	0x00FC      	MOVWF      R12
;__Lib_Math.c,1691 :: 		
LOOPU3232D:
;__Lib_Math.c,1692 :: 		
0x0149	0x0D70      	RLF        R0, 0
;__Lib_Math.c,1693 :: 		
0x014A	0x0DF8      	RLF        R8, 1
;__Lib_Math.c,1694 :: 		
0x014B	0x0DF9      	RLF        R9, 1
;__Lib_Math.c,1695 :: 		
0x014C	0x0DFA      	RLF        R10, 1
;__Lib_Math.c,1696 :: 		
0x014D	0x0DFB      	RLF        R11, 1
;__Lib_Math.c,1697 :: 		
0x014E	0x0DA0      	RLF        ___math_tempb, 1
;__Lib_Math.c,1698 :: 		
0x014F	0x0874      	MOVF       R4, 0
;__Lib_Math.c,1699 :: 		
0x0150	0x1C70      	BTFSS      R0, 0
;__Lib_Math.c,1700 :: 		
0x0151	0x2964      	GOTO       UADD22LD
;__Lib_Math.c,1702 :: 		
0x0152	0x02F8      	SUBWF      R8, 1
;__Lib_Math.c,1703 :: 		
0x0153	0x0875      	MOVF       R5, 0
;__Lib_Math.c,1704 :: 		
0x0154	0x1C03      	BTFSS      STATUS, 0
;__Lib_Math.c,1705 :: 		
0x0155	0x0F75      	INCFSZ     R5, 0
;__Lib_Math.c,1706 :: 		
0x0156	0x02F9      	SUBWF      R9, 1
;__Lib_Math.c,1707 :: 		
0x0157	0x0876      	MOVF       R6, 0
;__Lib_Math.c,1708 :: 		
0x0158	0x1C03      	BTFSS      STATUS, 0
;__Lib_Math.c,1709 :: 		
0x0159	0x0F76      	INCFSZ     R6, 0
;__Lib_Math.c,1710 :: 		
0x015A	0x02FA      	SUBWF      R10, 1
;__Lib_Math.c,1711 :: 		
0x015B	0x0877      	MOVF       R7, 0
;__Lib_Math.c,1712 :: 		
0x015C	0x1C03      	BTFSS      STATUS, 0
;__Lib_Math.c,1713 :: 		
0x015D	0x0F77      	INCFSZ     R7, 0
;__Lib_Math.c,1714 :: 		
0x015E	0x02FB      	SUBWF      R11, 1
;__Lib_Math.c,1715 :: 		
0x015F	0x0100      	CLRW
;__Lib_Math.c,1716 :: 		
0x0160	0x1C03      	BTFSS      STATUS, 0
;__Lib_Math.c,1717 :: 		
0x0161	0x3001      	MOVLW      1
;__Lib_Math.c,1718 :: 		
0x0162	0x02A0      	SUBWF      ___math_tempb, 1
;__Lib_Math.c,1719 :: 		
0x0163	0x2975      	GOTO       UOK22LD
;__Lib_Math.c,1721 :: 		
UADD22LD:
;__Lib_Math.c,1722 :: 		
0x0164	0x07F8      	ADDWF      R8, 1
;__Lib_Math.c,1723 :: 		
0x0165	0x0875      	MOVF       R5, 0
;__Lib_Math.c,1724 :: 		
0x0166	0x1803      	BTFSC      STATUS, 0
;__Lib_Math.c,1725 :: 		
0x0167	0x0F75      	INCFSZ     R5, 0
;__Lib_Math.c,1726 :: 		
0x0168	0x07F9      	ADDWF      R9, 1
;__Lib_Math.c,1727 :: 		
0x0169	0x0876      	MOVF       R6, 0
;__Lib_Math.c,1728 :: 		
0x016A	0x1803      	BTFSC      STATUS, 0
;__Lib_Math.c,1729 :: 		
0x016B	0x0F76      	INCFSZ     R6, 0
;__Lib_Math.c,1730 :: 		
0x016C	0x07FA      	ADDWF      R10, 1
;__Lib_Math.c,1731 :: 		
0x016D	0x0877      	MOVF       R7, 0
;__Lib_Math.c,1732 :: 		
0x016E	0x1803      	BTFSC      STATUS, 0
;__Lib_Math.c,1733 :: 		
0x016F	0x0F77      	INCFSZ     R7, 0
;__Lib_Math.c,1734 :: 		
0x0170	0x07FB      	ADDWF      R11, 1
;__Lib_Math.c,1735 :: 		
0x0171	0x0100      	CLRW
;__Lib_Math.c,1736 :: 		
0x0172	0x1803      	BTFSC      STATUS, 0
;__Lib_Math.c,1737 :: 		
0x0173	0x3001      	MOVLW      1
;__Lib_Math.c,1738 :: 		
0x0174	0x07A0      	ADDWF      ___math_tempb, 1
;__Lib_Math.c,1740 :: 		
UOK22LD:
;__Lib_Math.c,1741 :: 		
0x0175	0x0DF0      	RLF        R0, 1
;__Lib_Math.c,1743 :: 		
0x0176	0x0BFC      	DECFSZ     R12, 1
;__Lib_Math.c,1744 :: 		
0x0177	0x2949      	GOTO       LOOPU3232D
;__Lib_Math.c,1746 :: 		
0x0178	0x1870      	BTFSC      R0, 0
;__Lib_Math.c,1747 :: 		
0x0179	0x2988      	GOTO       UOK22L
;__Lib_Math.c,1748 :: 		
0x017A	0x0874      	MOVF       R4, 0
;__Lib_Math.c,1749 :: 		
0x017B	0x07F8      	ADDWF      R8, 1
;__Lib_Math.c,1750 :: 		
0x017C	0x0875      	MOVF       R5, 0
;__Lib_Math.c,1751 :: 		
0x017D	0x1803      	BTFSC      STATUS, 0
;__Lib_Math.c,1752 :: 		
0x017E	0x0F75      	INCFSZ     R5, 0
;__Lib_Math.c,1753 :: 		
0x017F	0x07F9      	ADDWF      R9, 1
;__Lib_Math.c,1754 :: 		
0x0180	0x0876      	MOVF       R6, 0
;__Lib_Math.c,1755 :: 		
0x0181	0x1803      	BTFSC      STATUS, 0
;__Lib_Math.c,1756 :: 		
0x0182	0x0F76      	INCFSZ     R6, 0
;__Lib_Math.c,1757 :: 		
0x0183	0x07FA      	ADDWF      R10, 1
;__Lib_Math.c,1758 :: 		
0x0184	0x0877      	MOVF       R7, 0
;__Lib_Math.c,1759 :: 		
0x0185	0x1803      	BTFSC      STATUS, 0
;__Lib_Math.c,1760 :: 		
0x0186	0x0F77      	INCFSZ     R7, 0
;__Lib_Math.c,1761 :: 		
0x0187	0x07FB      	ADDWF      R11, 1
;__Lib_Math.c,1763 :: 		
UOK22L:
;__Lib_Math.c,1766 :: 		
L_end_Div_32x32_U:
0x0188	0x0008      	RETURN
; end of _Div_32x32_U
_UART_TxString:
;USART_Tx.c,30 :: 		void UART_TxString(char *msg)
;USART_Tx.c,33 :: 		for(i=0;msg[i]!=0;i++)
0x0189	0x1283      	BCF        STATUS, 5
0x018A	0x1303      	BCF        STATUS, 6
0x018B	0x01B5      	CLRF       UART_TxString_i_L0
L_UART_TxString4:
0x018C	0x0835      	MOVF       UART_TxString_i_L0, 0
0x018D	0x0734      	ADDWF      FARG_UART_TxString_msg, 0
0x018E	0x0084      	MOVWF      FSR
0x018F	0x0800      	MOVF       INDF, 0
0x0190	0x3A00      	XORLW      0
0x0191	0x1903      	BTFSC      STATUS, 2
0x0192	0x29A8      	GOTO       L_UART_TxString5
;USART_Tx.c,35 :: 		UART_TxChar(msg[i]);
0x0193	0x0835      	MOVF       UART_TxString_i_L0, 0
0x0194	0x0734      	ADDWF      FARG_UART_TxString_msg, 0
0x0195	0x0084      	MOVWF      FSR
0x0196	0x0800      	MOVF       INDF, 0
0x0197	0x00B6      	MOVWF      FARG_UART_TxChar_ch
0x0198	0x2003      	CALL       _UART_TxChar
;USART_Tx.c,36 :: 		delay_ms(100);
0x0199	0x3002      	MOVLW      2
0x019A	0x00FB      	MOVWF      R11
0x019B	0x3004      	MOVLW      4
0x019C	0x00FC      	MOVWF      R12
0x019D	0x30BA      	MOVLW      186
0x019E	0x00FD      	MOVWF      R13
L_UART_TxString7:
0x019F	0x0BFD      	DECFSZ     R13, 1
0x01A0	0x299F      	GOTO       L_UART_TxString7
0x01A1	0x0BFC      	DECFSZ     R12, 1
0x01A2	0x299F      	GOTO       L_UART_TxString7
0x01A3	0x0BFB      	DECFSZ     R11, 1
0x01A4	0x299F      	GOTO       L_UART_TxString7
0x01A5	0x0000      	NOP
;USART_Tx.c,33 :: 		for(i=0;msg[i]!=0;i++)
0x01A6	0x0AB5      	INCF       UART_TxString_i_L0, 1
;USART_Tx.c,37 :: 		}
0x01A7	0x298C      	GOTO       L_UART_TxString4
L_UART_TxString5:
;USART_Tx.c,39 :: 		}
L_end_UART_TxString:
0x01A8	0x0008      	RETURN
; end of _UART_TxString
___CC2DW:
;__Lib_System.c,134 :: 		
;__Lib_System.c,137 :: 		
_CC2D_Loop1:
;__Lib_System.c,139 :: 		
0x01A9	0x200A      	CALL       _____DoICP
0x01AA	0x118A      	BCF        PCLATH, 3
0x01AB	0x120A      	BCF        PCLATH, 4
;__Lib_System.c,141 :: 		
0x01AC	0x0080      	MOVWF      INDF
;__Lib_System.c,142 :: 		
0x01AD	0x0A84      	INCF       FSR, 1
;__Lib_System.c,143 :: 		
0x01AE	0x0AB2      	INCF       ___DoICPAddr, 1
;__Lib_System.c,145 :: 		
0x01AF	0x1903      	BTFSC      STATUS, 2
;__Lib_System.c,146 :: 		
0x01B0	0x0AB3      	INCF       ___DoICPAddr+1, 1
;__Lib_System.c,147 :: 		
0x01B1	0x03F0      	DECF       R0, 1
;__Lib_System.c,149 :: 		
0x01B2	0x1D03      	BTFSS      STATUS, 2
;__Lib_System.c,150 :: 		
0x01B3	0x29A9      	GOTO       _CC2D_Loop1
;__Lib_System.c,152 :: 		
L_end___CC2DW:
0x01B4	0x0008      	RETURN
; end of ___CC2DW
_UART_Init:
;USART_Tx.c,6 :: 		void UART_Init(int baudRate)
;USART_Tx.c,8 :: 		TRISC=0x80;            // Configure Rx pin as input and Tx as output
0x01B5	0x3080      	MOVLW      128
0x01B6	0x1683      	BSF        STATUS, 5
0x01B7	0x1303      	BCF        STATUS, 6
0x01B8	0x0087      	MOVWF      TRISC
;USART_Tx.c,9 :: 		TXSTA=(1<<SBIT_TXEN);  // Asynchronous mode, 8-bit data & enable transmitter
0x01B9	0x3020      	MOVLW      32
0x01BA	0x0098      	MOVWF      TXSTA
;USART_Tx.c,10 :: 		RCSTA=(1<<SBIT_SPEN) | (1<<SBIT_CREN);  // Enable Serial Port and 8-bit continuous receive
0x01BB	0x3090      	MOVLW      144
0x01BC	0x1283      	BCF        STATUS, 5
0x01BD	0x0098      	MOVWF      RCSTA
;USART_Tx.c,11 :: 		SPBRG = (8000000UL/(long)(64UL*baudRate))-1;      // baud rate @20Mhz Clock
0x01BE	0x3006      	MOVLW      6
0x01BF	0x00F0      	MOVWF      R0
0x01C0	0x0834      	MOVF       FARG_UART_Init_baudRate, 0
0x01C1	0x00F4      	MOVWF      R4
0x01C2	0x0835      	MOVF       FARG_UART_Init_baudRate+1, 0
0x01C3	0x00F5      	MOVWF      R4+1
0x01C4	0x3000      	MOVLW      0
0x01C5	0x1BF5      	BTFSC      R4+1, 7
0x01C6	0x30FF      	MOVLW      255
0x01C7	0x00F6      	MOVWF      R4+2
0x01C8	0x00F7      	MOVWF      R4+3
0x01C9	0x0870      	MOVF       R0, 0
L__UART_Init12:
0x01CA	0x1903      	BTFSC      STATUS, 2
0x01CB	0x29D3      	GOTO       L__UART_Init13
0x01CC	0x0DF4      	RLF        R4, 1
0x01CD	0x0DF5      	RLF        R4+1, 1
0x01CE	0x0DF6      	RLF        R4+2, 1
0x01CF	0x0DF7      	RLF        R4+3, 1
0x01D0	0x1074      	BCF        R4, 0
0x01D1	0x3EFF      	ADDLW      255
0x01D2	0x29CA      	GOTO       L__UART_Init12
L__UART_Init13:
0x01D3	0x3000      	MOVLW      0
0x01D4	0x00F0      	MOVWF      R0
0x01D5	0x3012      	MOVLW      18
0x01D6	0x00F1      	MOVWF      R0+1
0x01D7	0x307A      	MOVLW      122
0x01D8	0x00F2      	MOVWF      R0+2
0x01D9	0x3000      	MOVLW      0
0x01DA	0x00F3      	MOVWF      R0+3
0x01DB	0x2011      	CALL       _Div_32x32_U
0x01DC	0x0370      	DECF       R0, 0
0x01DD	0x1683      	BSF        STATUS, 5
0x01DE	0x0099      	MOVWF      SPBRG
;USART_Tx.c,12 :: 		}
L_end_UART_Init:
0x01DF	0x0008      	RETURN
; end of _UART_Init
_main:
0x01E0	0x3048      	MOVLW      72
0x01E1	0x1283      	BCF        STATUS, 5
0x01E2	0x1303      	BCF        STATUS, 6
0x01E3	0x00A1      	MOVWF      ?lstr1_USART_Tx
0x01E4	0x3065      	MOVLW      101
0x01E5	0x00A2      	MOVWF      34
0x01E6	0x306C      	MOVLW      108
0x01E7	0x00A3      	MOVWF      35
0x01E8	0x306C      	MOVLW      108
0x01E9	0x00A4      	MOVWF      36
0x01EA	0x306F      	MOVLW      111
0x01EB	0x00A5      	MOVWF      37
0x01EC	0x3020      	MOVLW      32
0x01ED	0x00A6      	MOVWF      38
0x01EE	0x3057      	MOVLW      87
0x01EF	0x00A7      	MOVWF      39
0x01F0	0x306F      	MOVLW      111
0x01F1	0x00A8      	MOVWF      40
0x01F2	0x3072      	MOVLW      114
0x01F3	0x00A9      	MOVWF      41
0x01F4	0x306C      	MOVLW      108
0x01F5	0x00AA      	MOVWF      42
0x01F6	0x3064      	MOVLW      100
0x01F7	0x00AB      	MOVWF      43
0x01F8	0x3020      	MOVLW      32
0x01F9	0x00AC      	MOVWF      44
0x01FA	0x3047      	MOVLW      71
0x01FB	0x00AD      	MOVWF      45
0x01FC	0x3047      	MOVLW      71
0x01FD	0x00AE      	MOVWF      46
0x01FE	0x3021      	MOVLW      33
0x01FF	0x00AF      	MOVWF      47
0x0200	0x3021      	MOVLW      33
0x0201	0x00B0      	MOVWF      48
0x0202	0x01B1      	CLRF       49
;USART_Tx.c,40 :: 		int main()
;USART_Tx.c,42 :: 		UART_Init(9600);          //Initialize the UART module with 9600 baud rate
0x0203	0x3080      	MOVLW      128
0x0204	0x00B4      	MOVWF      FARG_UART_Init_baudRate
0x0205	0x3025      	MOVLW      37
0x0206	0x00B5      	MOVWF      FARG_UART_Init_baudRate+1
0x0207	0x21B5      	CALL       _UART_Init
;USART_Tx.c,43 :: 		delay_ms(5000);
0x0208	0x3033      	MOVLW      51
0x0209	0x00FB      	MOVWF      R11
0x020A	0x30BB      	MOVLW      187
0x020B	0x00FC      	MOVWF      R12
0x020C	0x30DF      	MOVLW      223
0x020D	0x00FD      	MOVWF      R13
L_main8:
0x020E	0x0BFD      	DECFSZ     R13, 1
0x020F	0x2A0E      	GOTO       L_main8
0x0210	0x0BFC      	DECFSZ     R12, 1
0x0211	0x2A0E      	GOTO       L_main8
0x0212	0x0BFB      	DECFSZ     R11, 1
0x0213	0x2A0E      	GOTO       L_main8
0x0214	0x0000      	NOP
0x0215	0x0000      	NOP
;USART_Tx.c,45 :: 		UART_TxString("Hello World GG!!");
0x0216	0x3021      	MOVLW      ?lstr1_USART_Tx
0x0217	0x1283      	BCF        STATUS, 5
0x0218	0x00B4      	MOVWF      FARG_UART_TxString_msg
0x0219	0x2189      	CALL       _UART_TxString
;USART_Tx.c,46 :: 		while(1){}
L_main9:
0x021A	0x2A1A      	GOTO       L_main9
;USART_Tx.c,50 :: 		}
L_end_main:
0x021B	0x2A1B      	GOTO       $+0
; end of _main
Symbol List:
//** Routines locations **
//ADDRESS    SIZE    PROCEDURE
//----------------------------------------------
0x0003       [7]    _UART_TxChar
0x000A       [7]    _____DoICP
0x0011     [376]    _Div_32x32_U
0x0189      [32]    _UART_TxString
0x01A9      [12]    ___CC2DW
0x01B5      [43]    _UART_Init
0x01E0      [60]    _main
//** Variables locations ** 
//ADDRESS    SIZE    VARIABLE
//----------------------------------------------
0x0000       [1]    INDF
0x0002       [1]    PCL
0x0003       [1]    STATUS
0x0004       [1]    FSR
0x000A       [1]    PCLATH
0x000C       [1]    PIR1
0x0018       [1]    RCSTA
0x0019       [1]    TXREG
0x0020       [1]    ___math_tempb
0x0021      [17]    ?lstr1_USART_Tx
0x0032       [2]    ___DoICPAddr
0x0034       [2]    FARG_UART_Init_baudRate
0x0034       [1]    FARG_UART_TxString_msg
0x0035       [1]    UART_TxString_i_L0
0x0036       [1]    FARG_UART_TxChar_ch
0x0070       [1]    R0
0x0071       [1]    R1
0x0072       [1]    R2
0x0073       [1]    R3
0x0074       [1]    R4
0x0075       [1]    R5
0x0076       [1]    R6
0x0077       [1]    R7
0x0078       [1]    R8
0x0079       [1]    R9
0x007A       [1]    R10
0x007B       [1]    R11
0x007C       [1]    R12
0x007D       [1]    R13
0x007E       [1]    R14
0x007F       [1]    R15
0x0087       [1]    TRISC
0x0098       [1]    TXSTA
0x0099       [1]    SPBRG
